[ 2017-04-27T17:26:10+08:00 ] /99_ctw/msec.jieqiangtec.com/cps.php | ERR: (ThinkException) 无法加载模块index
[ 2017-04-27T17:26:30+08:00 ] /99_ctw/msec.jieqiangtec.com/cps.php | ERR: (ThinkException) 无法加载模块index
[ 2017-04-27T17:27:40+08:00 ] /99_ctw/msec.jieqiangtec.com/cps.php | ERR: (ThinkException) 无法加载模块index
[ 2017-04-27T17:27:42+08:00 ] /99_ctw/msec.jieqiangtec.com/cps.php | ERR: (ThinkException) 无法加载模块index
[ 2017-04-27T17:28:09+08:00 ] /99_ctw/msec.jieqiangtec.com/cps.php | ERR: (ThinkException) 无法加载模块index
[ 2017-04-27T17:28:10+08:00 ] /99_ctw/msec.jieqiangtec.com/cps.php | ERR: (ThinkException) 无法加载模块index
[ 2017-04-27T17:49:39+08:00 ] /99_ctw/msec.jieqiangtec.com/cps.php | ERR: (ThinkException) Access denied for user 'root'@'localhost' (using password: NO)
[ 2017-04-27T17:49:47+08:00 ] /99_ctw/msec.jieqiangtec.com/cps.php | ERR: (ThinkException) Access denied for user 'root'@'localhost' (using password: NO)
[ 2017-04-27T17:49:55+08:00 ] /99_ctw/msec.jieqiangtec.com/cps.php | ERR: (ThinkException) Access denied for user 'root'@'localhost' (using password: NO)
[ 2017-04-27T17:49:59+08:00 ] /99_ctw/msec.jieqiangtec.com/cps.php | ERR: (ThinkException) Access denied for user 'root'@'localhost' (using password: NO)
[ 2017-04-27T17:54:41+08:00 ] /99_ctw/msec.jieqiangtec.com/cps.php | ERR: (ThinkException) Access denied for user 'root'@'localhost' (using password: NO)
[ 2017-04-27T17:55:25+08:00 ] /cps.php | ERR: (ThinkException) Access denied for user 'root'@'localhost' (using password: NO)
[ 2017-04-27T17:55:28+08:00 ] /cps.php | ERR: (ThinkException) Access denied for user 'root'@'localhost' (using password: NO)
[ 2017-04-27T17:56:13+08:00 ] /cps.php | ERR: (ThinkException) Access denied for user 'root'@'localhost' (using password: NO)
[ 2017-04-27T17:56:15+08:00 ] /cps.php | ERR: (ThinkException) Access denied for user 'root'@'localhost' (using password: NO)
[ 2017-04-27T17:58:56+08:00 ] /cps.php | ERR: (ThinkException) Access denied for user 'root'@'localhost' (using password: NO)
[ 2017-04-27T18:00:39+08:00 ] /cps.php | ERR: (ThinkException) 模板不存在[./cps/Tpl/default/index/index.html]
[ 2017-04-27T18:00:43+08:00 ] /cps.php | ERR: (ThinkException) 模板不存在[./cps/Tpl/default/index/index.html]
[ 2017-04-27T18:01:53+08:00 ] /cps.php | INFO: Tag[ app_begin ] --START--
[ 2017-04-27T18:01:53+08:00 ] /cps.php | INFO: Run ReadHtmlCache Behavior [ RunTime:0.000000s ]
[ 2017-04-27T18:01:53+08:00 ] /cps.php | INFO: Run CheckLang Behavior [ RunTime:0.001000s ]
[ 2017-04-27T18:01:53+08:00 ] /cps.php | INFO: Tag[ app_begin ] --END-- [ RunTime:0.001000s ]
[ 2017-04-27T18:01:53+08:00 ] /cps.php | SQL: SHOW COLUMNS FROM `ctw_admin` [ RunTime:0.007001s ]
[ 2017-04-27T18:01:53+08:00 ] /cps.php | SQL: SHOW COLUMNS FROM `ctw_items_cate` [ RunTime:0.006000s ]
[ 2017-04-27T18:01:53+08:00 ] /cps.php | SQL: SHOW COLUMNS FROM `ctw_user` [ RunTime:0.005001s ]
[ 2017-04-27T18:01:53+08:00 ] /cps.php | SQL: SHOW COLUMNS FROM `ctw_user_info` [ RunTime:0.006000s ]
[ 2017-04-27T18:01:53+08:00 ] /cps.php | SQL: SHOW COLUMNS FROM `ctw_album` [ RunTime:0.006000s ]
[ 2017-04-27T18:01:53+08:00 ] /cps.php | SQL: SHOW COLUMNS FROM `ctw_album_cate` [ RunTime:0.005001s ]
[ 2017-04-27T18:01:53+08:00 ] /cps.php | SQL: SHOW COLUMNS FROM `ctw_user_msg` [ RunTime:0.005000s ]
[ 2017-04-27T18:01:53+08:00 ] /cps.php | SQL: SHOW COLUMNS FROM `ctw_seo` [ RunTime:0.007000s ]
[ 2017-04-27T18:01:53+08:00 ] /cps.php | SQL: SHOW COLUMNS FROM `ctw_role` [ RunTime:0.005001s ]
[ 2017-04-27T18:01:53+08:00 ] /cps.php | SQL: SELECT `name`,`status`,`remark`,`create_time`,`update_time`,`data_state` FROM `ctw_role` WHERE id=1 LIMIT 1   [ RunTime:0.000000s ]
[ 2017-04-27T18:01:53+08:00 ] /cps.php | SQL: SHOW COLUMNS FROM `ctw_group` [ RunTime:0.008000s ]
[ 2017-04-27T18:01:53+08:00 ] /cps.php | SQL: SHOW COLUMNS FROM `ctw_admin` [ RunTime:0.006001s ]
[ 2017-04-27T18:01:53+08:00 ] /cps.php | SQL: SELECT `role_id` FROM `ctw_admin` WHERE id=1 LIMIT 1   [ RunTime:0.000000s ]
[ 2017-04-27T18:01:53+08:00 ] /cps.php | SQL: SHOW COLUMNS FROM `ctw_access` [ RunTime:0.006000s ]
[ 2017-04-27T18:01:53+08:00 ] /cps.php | SQL: SELECT `node_id` FROM `ctw_access` WHERE role_id=1  [ RunTime:0.001000s ]
[ 2017-04-27T18:01:53+08:00 ] /cps.php | SQL: SHOW COLUMNS FROM `ctw_node` [ RunTime:0.005000s ]
[ 2017-04-27T18:01:53+08:00 ] /cps.php | SQL: SELECT DISTINCT  `group_id` FROM `ctw_node` WHERE auth_type<>2 AND status=1 AND is_show=0  ORDER BY sort DESC  [ RunTime:0.000000s ]
[ 2017-04-27T18:01:53+08:00 ] /cps.php | SQL: SELECT `id`,`title` FROM `ctw_group` WHERE status=1 AND id in (7,8,4,1,6,29,9,28,27) ORDER BY sort ASC  [ RunTime:0.001000s ]
[ 2017-04-27T18:01:53+08:00 ] /cps.php | SQL: SHOW COLUMNS FROM `ctw_setting` [ RunTime:0.006001s ]
[ 2017-04-27T18:01:53+08:00 ] /cps.php | SQL: SELECT * FROM `ctw_setting`  [ RunTime:0.001000s ]
[ 2017-04-27T18:01:53+08:00 ] /cps.php | NOTIC: [8] Undefined index: iframe baseAction.class.php 第 121 行.
[ 2017-04-27T18:01:53+08:00 ] /cps.php | INFO: Tag[ view_template ] --START--
[ 2017-04-27T18:01:53+08:00 ] /cps.php | INFO: Run LocationTemplate Behavior [ RunTime:0.000000s ]
[ 2017-04-27T18:01:53+08:00 ] /cps.php | INFO: Tag[ view_template ] --END-- [ RunTime:0.000000s ]
[ 2017-04-27T18:01:53+08:00 ] /cps.php | INFO: Tag[ view_parse ] --START--
[ 2017-04-27T18:01:53+08:00 ] /cps.php | NOTIC: [8] Undefined variable: lang 6748d5b480b09646a57d41dbfa127b36.php 第 45 行.
[ 2017-04-27T18:01:53+08:00 ] /cps.php | INFO: Run ParseTemplate Behavior [ RunTime:0.045002s ]
[ 2017-04-27T18:01:53+08:00 ] /cps.php | INFO: Tag[ view_parse ] --END-- [ RunTime:0.045002s ]
[ 2017-04-27T18:01:53+08:00 ] /cps.php | INFO: Tag[ view_filter ] --START--
[ 2017-04-27T18:01:53+08:00 ] /cps.php | INFO: Run ContentReplace Behavior [ RunTime:0.000000s ]
[ 2017-04-27T18:01:53+08:00 ] /cps.php | INFO: Run TokenBuild Behavior [ RunTime:0.001001s ]
[ 2017-04-27T18:01:53+08:00 ] /cps.php | INFO: Run WriteHtmlCache Behavior [ RunTime:0.000000s ]
[ 2017-04-27T18:01:53+08:00 ] /cps.php | INFO: Run ShowRuntime Behavior [ RunTime:0.001000s ]
[ 2017-04-27T18:01:53+08:00 ] /cps.php | INFO: Tag[ view_filter ] --END-- [ RunTime:0.002001s ]
[ 2017-04-27T18:01:53+08:00 ] /cps.php | INFO: Tag[ view_end ] --START--
[ 2017-04-27T18:01:53+08:00 ] /cps.php | INFO: Run ShowPageTrace Behavior [ RunTime:0.001000s ]
[ 2017-04-27T18:01:53+08:00 ] /cps.php | INFO: Tag[ view_end ] --END-- [ RunTime:0.001000s ]
[ 2017-04-27T18:01:53+08:00 ] /cps.php?a=main&m=public | ERR: (ThinkException) 无法加载模块public
[ 2017-04-27T18:01:53+08:00 ] /cps.php?a=menu&m=public&tag=0 | ERR: (ThinkException) 无法加载模块public
[ 2017-04-27T19:04:49+08:00 ] /cps.php | INFO: Tag[ app_begin ] --START--
[ 2017-04-27T19:04:49+08:00 ] /cps.php | INFO: Run ReadHtmlCache Behavior [ RunTime:0.000000s ]
[ 2017-04-27T19:04:49+08:00 ] /cps.php | INFO: Run CheckLang Behavior [ RunTime:0.001000s ]
[ 2017-04-27T19:04:49+08:00 ] /cps.php | INFO: Tag[ app_begin ] --END-- [ RunTime:0.001000s ]
[ 2017-04-27T19:04:49+08:00 ] /cps.php | INFO: Tag[ view_template ] --START--
[ 2017-04-27T19:04:49+08:00 ] /cps.php | INFO: Run LocationTemplate Behavior [ RunTime:0.000000s ]
[ 2017-04-27T19:04:49+08:00 ] /cps.php | INFO: Tag[ view_template ] --END-- [ RunTime:0.000000s ]
[ 2017-04-27T19:04:49+08:00 ] /cps.php | INFO: Tag[ view_parse ] --START--
[ 2017-04-27T19:04:49+08:00 ] /cps.php | NOTIC: [8] Undefined variable: my_info 6748d5b480b09646a57d41dbfa127b36.php 第 19 行.
[ 2017-04-27T19:04:49+08:00 ] /cps.php | NOTIC: [8] Undefined variable: admin_level 6748d5b480b09646a57d41dbfa127b36.php 第 19 行.
[ 2017-04-27T19:04:49+08:00 ] /cps.php | NOTIC: [8] Undefined variable: site_root 6748d5b480b09646a57d41dbfa127b36.php 第 23 行.
[ 2017-04-27T19:04:49+08:00 ] /cps.php | NOTIC: [8] Undefined variable: top_menu 6748d5b480b09646a57d41dbfa127b36.php 第 37 行.
[ 2017-04-27T19:04:49+08:00 ] /cps.php | NOTIC: [8] Undefined variable: lang 6748d5b480b09646a57d41dbfa127b36.php 第 45 行.
[ 2017-04-27T19:04:49+08:00 ] /cps.php | NOTIC: [8] Undefined variable: site_root 6748d5b480b09646a57d41dbfa127b36.php 第 50 行.
[ 2017-04-27T19:04:49+08:00 ] /cps.php | INFO: Run ParseTemplate Behavior [ RunTime:0.014001s ]
[ 2017-04-27T19:04:49+08:00 ] /cps.php | INFO: Tag[ view_parse ] --END-- [ RunTime:0.014001s ]
[ 2017-04-27T19:04:49+08:00 ] /cps.php | INFO: Tag[ view_filter ] --START--
[ 2017-04-27T19:04:49+08:00 ] /cps.php | INFO: Run ContentReplace Behavior [ RunTime:0.001000s ]
[ 2017-04-27T19:04:49+08:00 ] /cps.php | INFO: Run TokenBuild Behavior [ RunTime:0.000000s ]
[ 2017-04-27T19:04:49+08:00 ] /cps.php | INFO: Run WriteHtmlCache Behavior [ RunTime:0.000000s ]
[ 2017-04-27T19:04:49+08:00 ] /cps.php | INFO: Run ShowRuntime Behavior [ RunTime:0.001000s ]
[ 2017-04-27T19:04:49+08:00 ] /cps.php | INFO: Tag[ view_filter ] --END-- [ RunTime:0.002000s ]
[ 2017-04-27T19:04:49+08:00 ] /cps.php | INFO: Tag[ view_end ] --START--
[ 2017-04-27T19:04:49+08:00 ] /cps.php | INFO: Run ShowPageTrace Behavior [ RunTime:0.000000s ]
[ 2017-04-27T19:04:49+08:00 ] /cps.php | INFO: Tag[ view_end ] --END-- [ RunTime:0.000000s ]
[ 2017-04-27T19:04:49+08:00 ] /cps.php?a=main&m=public | ERR: (ThinkException) 无法加载模块public
[ 2017-04-27T19:04:49+08:00 ] /cps.php?a=menu&m=public&tag=0 | ERR: (ThinkException) 无法加载模块public
[ 2017-04-27T19:04:56+08:00 ] /cps.php | INFO: Tag[ app_begin ] --START--
[ 2017-04-27T19:04:56+08:00 ] /cps.php | INFO: Run ReadHtmlCache Behavior [ RunTime:0.000000s ]
[ 2017-04-27T19:04:56+08:00 ] /cps.php | INFO: Run CheckLang Behavior [ RunTime:0.001000s ]
[ 2017-04-27T19:04:56+08:00 ] /cps.php | INFO: Tag[ app_begin ] --END-- [ RunTime:0.001000s ]
[ 2017-04-27T19:04:56+08:00 ] /cps.php | INFO: Tag[ view_template ] --START--
[ 2017-04-27T19:04:56+08:00 ] /cps.php | INFO: Run LocationTemplate Behavior [ RunTime:0.000000s ]
[ 2017-04-27T19:04:56+08:00 ] /cps.php | INFO: Tag[ view_template ] --END-- [ RunTime:0.001000s ]
[ 2017-04-27T19:04:56+08:00 ] /cps.php | INFO: Tag[ view_parse ] --START--
[ 2017-04-27T19:04:56+08:00 ] /cps.php | NOTIC: [8] Undefined variable: my_info 6748d5b480b09646a57d41dbfa127b36.php 第 19 行.
[ 2017-04-27T19:04:56+08:00 ] /cps.php | NOTIC: [8] Undefined variable: admin_level 6748d5b480b09646a57d41dbfa127b36.php 第 19 行.
[ 2017-04-27T19:04:56+08:00 ] /cps.php | NOTIC: [8] Undefined variable: site_root 6748d5b480b09646a57d41dbfa127b36.php 第 23 行.
[ 2017-04-27T19:04:56+08:00 ] /cps.php | NOTIC: [8] Undefined variable: top_menu 6748d5b480b09646a57d41dbfa127b36.php 第 37 行.
[ 2017-04-27T19:04:56+08:00 ] /cps.php | NOTIC: [8] Undefined variable: lang 6748d5b480b09646a57d41dbfa127b36.php 第 45 行.
[ 2017-04-27T19:04:56+08:00 ] /cps.php | NOTIC: [8] Undefined variable: site_root 6748d5b480b09646a57d41dbfa127b36.php 第 50 行.
[ 2017-04-27T19:04:56+08:00 ] /cps.php | INFO: Run ParseTemplate Behavior [ RunTime:0.006001s ]
[ 2017-04-27T19:04:56+08:00 ] /cps.php | INFO: Tag[ view_parse ] --END-- [ RunTime:0.006001s ]
[ 2017-04-27T19:04:56+08:00 ] /cps.php | INFO: Tag[ view_filter ] --START--
[ 2017-04-27T19:04:56+08:00 ] /cps.php | INFO: Run ContentReplace Behavior [ RunTime:0.000000s ]
[ 2017-04-27T19:04:56+08:00 ] /cps.php | INFO: Run TokenBuild Behavior [ RunTime:0.000000s ]
[ 2017-04-27T19:04:56+08:00 ] /cps.php | INFO: Run WriteHtmlCache Behavior [ RunTime:0.000000s ]
[ 2017-04-27T19:04:56+08:00 ] /cps.php | INFO: Run ShowRuntime Behavior [ RunTime:0.001000s ]
[ 2017-04-27T19:04:56+08:00 ] /cps.php | INFO: Tag[ view_filter ] --END-- [ RunTime:0.001000s ]
[ 2017-04-27T19:04:56+08:00 ] /cps.php | INFO: Tag[ view_end ] --START--
[ 2017-04-27T19:04:56+08:00 ] /cps.php | INFO: Run ShowPageTrace Behavior [ RunTime:0.000000s ]
[ 2017-04-27T19:04:56+08:00 ] /cps.php | INFO: Tag[ view_end ] --END-- [ RunTime:0.000000s ]
[ 2017-04-27T19:04:57+08:00 ] /cps.php?a=main&m=public | ERR: (ThinkException) 无法加载模块public
[ 2017-04-27T19:04:57+08:00 ] /cps.php?a=menu&m=public&tag=0 | ERR: (ThinkException) 无法加载模块public
[ 2017-04-27T19:04:57+08:00 ] /cps.php | INFO: Tag[ app_begin ] --START--
[ 2017-04-27T19:04:57+08:00 ] /cps.php | INFO: Run ReadHtmlCache Behavior [ RunTime:0.000000s ]
[ 2017-04-27T19:04:57+08:00 ] /cps.php | INFO: Run CheckLang Behavior [ RunTime:0.001000s ]
[ 2017-04-27T19:04:57+08:00 ] /cps.php | INFO: Tag[ app_begin ] --END-- [ RunTime:0.001000s ]
[ 2017-04-27T19:04:57+08:00 ] /cps.php | INFO: Tag[ view_template ] --START--
[ 2017-04-27T19:04:57+08:00 ] /cps.php | INFO: Run LocationTemplate Behavior [ RunTime:0.001000s ]
[ 2017-04-27T19:04:57+08:00 ] /cps.php | INFO: Tag[ view_template ] --END-- [ RunTime:0.001000s ]
[ 2017-04-27T19:04:57+08:00 ] /cps.php | INFO: Tag[ view_parse ] --START--
[ 2017-04-27T19:04:57+08:00 ] /cps.php | NOTIC: [8] Undefined variable: my_info 6748d5b480b09646a57d41dbfa127b36.php 第 19 行.
[ 2017-04-27T19:04:57+08:00 ] /cps.php | NOTIC: [8] Undefined variable: admin_level 6748d5b480b09646a57d41dbfa127b36.php 第 19 行.
[ 2017-04-27T19:04:57+08:00 ] /cps.php | NOTIC: [8] Undefined variable: site_root 6748d5b480b09646a57d41dbfa127b36.php 第 23 行.
[ 2017-04-27T19:04:57+08:00 ] /cps.php | NOTIC: [8] Undefined variable: top_menu 6748d5b480b09646a57d41dbfa127b36.php 第 37 行.
[ 2017-04-27T19:04:57+08:00 ] /cps.php | NOTIC: [8] Undefined variable: lang 6748d5b480b09646a57d41dbfa127b36.php 第 45 行.
[ 2017-04-27T19:04:57+08:00 ] /cps.php | NOTIC: [8] Undefined variable: site_root 6748d5b480b09646a57d41dbfa127b36.php 第 50 行.
[ 2017-04-27T19:04:57+08:00 ] /cps.php | INFO: Run ParseTemplate Behavior [ RunTime:0.005000s ]
[ 2017-04-27T19:04:57+08:00 ] /cps.php | INFO: Tag[ view_parse ] --END-- [ RunTime:0.005000s ]
[ 2017-04-27T19:04:57+08:00 ] /cps.php | INFO: Tag[ view_filter ] --START--
[ 2017-04-27T19:04:57+08:00 ] /cps.php | INFO: Run ContentReplace Behavior [ RunTime:0.001000s ]
[ 2017-04-27T19:04:57+08:00 ] /cps.php | INFO: Run TokenBuild Behavior [ RunTime:0.000000s ]
[ 2017-04-27T19:04:57+08:00 ] /cps.php | INFO: Run WriteHtmlCache Behavior [ RunTime:0.000000s ]
[ 2017-04-27T19:04:57+08:00 ] /cps.php | INFO: Run ShowRuntime Behavior [ RunTime:0.000000s ]
[ 2017-04-27T19:04:57+08:00 ] /cps.php | INFO: Tag[ view_filter ] --END-- [ RunTime:0.001000s ]
[ 2017-04-27T19:04:57+08:00 ] /cps.php | INFO: Tag[ view_end ] --START--
[ 2017-04-27T19:04:57+08:00 ] /cps.php | INFO: Run ShowPageTrace Behavior [ RunTime:0.001000s ]
[ 2017-04-27T19:04:57+08:00 ] /cps.php | INFO: Tag[ view_end ] --END-- [ RunTime:0.001000s ]
[ 2017-04-27T19:04:57+08:00 ] /cps.php?a=main&m=public | ERR: (ThinkException) 无法加载模块public
[ 2017-04-27T19:04:57+08:00 ] /cps.php?a=menu&m=public&tag=0 | ERR: (ThinkException) 无法加载模块public
[ 2017-04-27T19:05:00+08:00 ] /cps.php | INFO: Tag[ app_begin ] --START--
[ 2017-04-27T19:05:00+08:00 ] /cps.php | INFO: Run ReadHtmlCache Behavior [ RunTime:0.000000s ]
[ 2017-04-27T19:05:00+08:00 ] /cps.php | INFO: Run CheckLang Behavior [ RunTime:0.000000s ]
[ 2017-04-27T19:05:00+08:00 ] /cps.php | INFO: Tag[ app_begin ] --END-- [ RunTime:0.000000s ]
[ 2017-04-27T19:05:00+08:00 ] /cps.php | INFO: Tag[ view_template ] --START--
[ 2017-04-27T19:05:00+08:00 ] /cps.php | INFO: Run LocationTemplate Behavior [ RunTime:0.000000s ]
[ 2017-04-27T19:05:00+08:00 ] /cps.php | INFO: Tag[ view_template ] --END-- [ RunTime:0.000000s ]
[ 2017-04-27T19:05:00+08:00 ] /cps.php | INFO: Tag[ view_parse ] --START--
[ 2017-04-27T19:05:00+08:00 ] /cps.php | NOTIC: [8] Undefined variable: my_info 6748d5b480b09646a57d41dbfa127b36.php 第 19 行.
[ 2017-04-27T19:05:00+08:00 ] /cps.php | NOTIC: [8] Undefined variable: admin_level 6748d5b480b09646a57d41dbfa127b36.php 第 19 行.
[ 2017-04-27T19:05:00+08:00 ] /cps.php | NOTIC: [8] Undefined variable: site_root 6748d5b480b09646a57d41dbfa127b36.php 第 23 行.
[ 2017-04-27T19:05:00+08:00 ] /cps.php | NOTIC: [8] Undefined variable: top_menu 6748d5b480b09646a57d41dbfa127b36.php 第 37 行.
[ 2017-04-27T19:05:00+08:00 ] /cps.php | NOTIC: [8] Undefined variable: lang 6748d5b480b09646a57d41dbfa127b36.php 第 45 行.
[ 2017-04-27T19:05:00+08:00 ] /cps.php | NOTIC: [8] Undefined variable: site_root 6748d5b480b09646a57d41dbfa127b36.php 第 50 行.
[ 2017-04-27T19:05:00+08:00 ] /cps.php | INFO: Run ParseTemplate Behavior [ RunTime:0.006001s ]
[ 2017-04-27T19:05:00+08:00 ] /cps.php | INFO: Tag[ view_parse ] --END-- [ RunTime:0.006001s ]
[ 2017-04-27T19:05:00+08:00 ] /cps.php | INFO: Tag[ view_filter ] --START--
[ 2017-04-27T19:05:00+08:00 ] /cps.php | INFO: Run ContentReplace Behavior [ RunTime:0.001000s ]
[ 2017-04-27T19:05:00+08:00 ] /cps.php | INFO: Run TokenBuild Behavior [ RunTime:0.000000s ]
[ 2017-04-27T19:05:00+08:00 ] /cps.php | INFO: Run WriteHtmlCache Behavior [ RunTime:0.000000s ]
[ 2017-04-27T19:05:00+08:00 ] /cps.php | INFO: Run ShowRuntime Behavior [ RunTime:0.000000s ]
[ 2017-04-27T19:05:00+08:00 ] /cps.php | INFO: Tag[ view_filter ] --END-- [ RunTime:0.001000s ]
[ 2017-04-27T19:05:00+08:00 ] /cps.php | INFO: Tag[ view_end ] --START--
[ 2017-04-27T19:05:00+08:00 ] /cps.php | INFO: Run ShowPageTrace Behavior [ RunTime:0.000000s ]
[ 2017-04-27T19:05:00+08:00 ] /cps.php | INFO: Tag[ view_end ] --END-- [ RunTime:0.000000s ]
[ 2017-04-27T19:05:00+08:00 ] /cps.php?a=main&m=public | ERR: (ThinkException) 无法加载模块public
[ 2017-04-27T19:05:00+08:00 ] /cps.php?a=menu&m=public&tag=0 | ERR: (ThinkException) 无法加载模块public
[ 2017-04-27T19:06:35+08:00 ] /cps.php | INFO: Tag[ app_begin ] --START--
[ 2017-04-27T19:06:35+08:00 ] /cps.php | INFO: Run ReadHtmlCache Behavior [ RunTime:0.000000s ]
[ 2017-04-27T19:06:35+08:00 ] /cps.php | INFO: Run CheckLang Behavior [ RunTime:0.001000s ]
[ 2017-04-27T19:06:35+08:00 ] /cps.php | INFO: Tag[ app_begin ] --END-- [ RunTime:0.001000s ]
[ 2017-04-27T19:06:35+08:00 ] /cps.php | INFO: Tag[ view_template ] --START--
[ 2017-04-27T19:06:35+08:00 ] /cps.php | INFO: Run LocationTemplate Behavior [ RunTime:0.001000s ]
[ 2017-04-27T19:06:35+08:00 ] /cps.php | INFO: Tag[ view_template ] --END-- [ RunTime:0.001000s ]
[ 2017-04-27T19:06:35+08:00 ] /cps.php | INFO: Tag[ view_parse ] --START--
[ 2017-04-27T19:06:35+08:00 ] /cps.php | NOTIC: [8] Undefined variable: my_info 6748d5b480b09646a57d41dbfa127b36.php 第 19 行.
[ 2017-04-27T19:06:35+08:00 ] /cps.php | NOTIC: [8] Undefined variable: admin_level 6748d5b480b09646a57d41dbfa127b36.php 第 19 行.
[ 2017-04-27T19:06:35+08:00 ] /cps.php | NOTIC: [8] Undefined variable: site_root 6748d5b480b09646a57d41dbfa127b36.php 第 23 行.
[ 2017-04-27T19:06:35+08:00 ] /cps.php | NOTIC: [8] Undefined variable: top_menu 6748d5b480b09646a57d41dbfa127b36.php 第 37 行.
[ 2017-04-27T19:06:35+08:00 ] /cps.php | NOTIC: [8] Undefined variable: lang 6748d5b480b09646a57d41dbfa127b36.php 第 45 行.
[ 2017-04-27T19:06:35+08:00 ] /cps.php | NOTIC: [8] Undefined variable: site_root 6748d5b480b09646a57d41dbfa127b36.php 第 50 行.
[ 2017-04-27T19:06:35+08:00 ] /cps.php | INFO: Run ParseTemplate Behavior [ RunTime:0.005001s ]
[ 2017-04-27T19:06:35+08:00 ] /cps.php | INFO: Tag[ view_parse ] --END-- [ RunTime:0.006001s ]
[ 2017-04-27T19:06:35+08:00 ] /cps.php | INFO: Tag[ view_filter ] --START--
[ 2017-04-27T19:06:35+08:00 ] /cps.php | INFO: Run ContentReplace Behavior [ RunTime:0.000000s ]
[ 2017-04-27T19:06:35+08:00 ] /cps.php | INFO: Run TokenBuild Behavior [ RunTime:0.000000s ]
[ 2017-04-27T19:06:35+08:00 ] /cps.php | INFO: Run WriteHtmlCache Behavior [ RunTime:0.000000s ]
[ 2017-04-27T19:06:35+08:00 ] /cps.php | INFO: Run ShowRuntime Behavior [ RunTime:0.001000s ]
[ 2017-04-27T19:06:35+08:00 ] /cps.php | INFO: Tag[ view_filter ] --END-- [ RunTime:0.001000s ]
[ 2017-04-27T19:06:35+08:00 ] /cps.php | INFO: Tag[ view_end ] --START--
[ 2017-04-27T19:06:35+08:00 ] /cps.php | INFO: Run ShowPageTrace Behavior [ RunTime:0.000000s ]
[ 2017-04-27T19:06:35+08:00 ] /cps.php | INFO: Tag[ view_end ] --END-- [ RunTime:0.000000s ]
[ 2017-04-27T19:06:35+08:00 ] /cps.php?a=main&m=public | ERR: (ThinkException) 无法加载模块public
[ 2017-04-27T19:06:35+08:00 ] /cps.php?a=menu&m=public&tag=0 | ERR: (ThinkException) 无法加载模块public
[ 2017-04-27T19:06:36+08:00 ] /cps.php | INFO: Tag[ app_begin ] --START--
[ 2017-04-27T19:06:36+08:00 ] /cps.php | INFO: Run ReadHtmlCache Behavior [ RunTime:0.000000s ]
[ 2017-04-27T19:06:36+08:00 ] /cps.php | INFO: Run CheckLang Behavior [ RunTime:0.001000s ]
[ 2017-04-27T19:06:36+08:00 ] /cps.php | INFO: Tag[ app_begin ] --END-- [ RunTime:0.001000s ]
[ 2017-04-27T19:06:36+08:00 ] /cps.php | INFO: Tag[ view_template ] --START--
[ 2017-04-27T19:06:36+08:00 ] /cps.php | INFO: Run LocationTemplate Behavior [ RunTime:0.001000s ]
[ 2017-04-27T19:06:36+08:00 ] /cps.php | INFO: Tag[ view_template ] --END-- [ RunTime:0.001000s ]
[ 2017-04-27T19:06:36+08:00 ] /cps.php | INFO: Tag[ view_parse ] --START--
[ 2017-04-27T19:06:36+08:00 ] /cps.php | NOTIC: [8] Undefined variable: my_info 6748d5b480b09646a57d41dbfa127b36.php 第 19 行.
[ 2017-04-27T19:06:36+08:00 ] /cps.php | NOTIC: [8] Undefined variable: admin_level 6748d5b480b09646a57d41dbfa127b36.php 第 19 行.
[ 2017-04-27T19:06:36+08:00 ] /cps.php | NOTIC: [8] Undefined variable: site_root 6748d5b480b09646a57d41dbfa127b36.php 第 23 行.
[ 2017-04-27T19:06:36+08:00 ] /cps.php | NOTIC: [8] Undefined variable: top_menu 6748d5b480b09646a57d41dbfa127b36.php 第 37 行.
[ 2017-04-27T19:06:36+08:00 ] /cps.php | NOTIC: [8] Undefined variable: lang 6748d5b480b09646a57d41dbfa127b36.php 第 45 行.
[ 2017-04-27T19:06:36+08:00 ] /cps.php | NOTIC: [8] Undefined variable: site_root 6748d5b480b09646a57d41dbfa127b36.php 第 50 行.
[ 2017-04-27T19:06:36+08:00 ] /cps.php | INFO: Run ParseTemplate Behavior [ RunTime:0.005000s ]
[ 2017-04-27T19:06:36+08:00 ] /cps.php | INFO: Tag[ view_parse ] --END-- [ RunTime:0.005000s ]
[ 2017-04-27T19:06:36+08:00 ] /cps.php | INFO: Tag[ view_filter ] --START--
[ 2017-04-27T19:06:36+08:00 ] /cps.php | INFO: Run ContentReplace Behavior [ RunTime:0.000000s ]
[ 2017-04-27T19:06:36+08:00 ] /cps.php | INFO: Run TokenBuild Behavior [ RunTime:0.000000s ]
[ 2017-04-27T19:06:36+08:00 ] /cps.php | INFO: Run WriteHtmlCache Behavior [ RunTime:0.000000s ]
[ 2017-04-27T19:06:36+08:00 ] /cps.php | INFO: Run ShowRuntime Behavior [ RunTime:0.000000s ]
[ 2017-04-27T19:06:36+08:00 ] /cps.php | INFO: Tag[ view_filter ] --END-- [ RunTime:0.001000s ]
[ 2017-04-27T19:06:36+08:00 ] /cps.php | INFO: Tag[ view_end ] --START--
[ 2017-04-27T19:06:36+08:00 ] /cps.php | INFO: Run ShowPageTrace Behavior [ RunTime:0.000000s ]
[ 2017-04-27T19:06:36+08:00 ] /cps.php | INFO: Tag[ view_end ] --END-- [ RunTime:0.000000s ]
[ 2017-04-27T19:06:36+08:00 ] /cps.php?a=main&m=public | ERR: (ThinkException) 无法加载模块public
[ 2017-04-27T19:06:36+08:00 ] /cps.php?a=menu&m=public&tag=0 | ERR: (ThinkException) 无法加载模块public
[ 2017-04-27T19:09:10+08:00 ] /cps.php | INFO: Tag[ app_begin ] --START--
[ 2017-04-27T19:09:10+08:00 ] /cps.php | INFO: Run ReadHtmlCache Behavior [ RunTime:0.000000s ]
[ 2017-04-27T19:09:10+08:00 ] /cps.php | INFO: Run CheckLang Behavior [ RunTime:0.000000s ]
[ 2017-04-27T19:09:10+08:00 ] /cps.php | INFO: Tag[ app_begin ] --END-- [ RunTime:0.001000s ]
[ 2017-04-27T19:09:10+08:00 ] /cps.php | INFO: Tag[ view_template ] --START--
[ 2017-04-27T19:09:10+08:00 ] /cps.php | INFO: Run LocationTemplate Behavior [ RunTime:0.000000s ]
[ 2017-04-27T19:09:10+08:00 ] /cps.php | INFO: Tag[ view_template ] --END-- [ RunTime:0.000000s ]
[ 2017-04-27T19:09:10+08:00 ] /cps.php | INFO: Tag[ view_parse ] --START--
[ 2017-04-27T19:09:10+08:00 ] /cps.php | NOTIC: [8] Undefined variable: my_info 6748d5b480b09646a57d41dbfa127b36.php 第 19 行.
[ 2017-04-27T19:09:10+08:00 ] /cps.php | NOTIC: [8] Undefined variable: admin_level 6748d5b480b09646a57d41dbfa127b36.php 第 19 行.
[ 2017-04-27T19:09:10+08:00 ] /cps.php | NOTIC: [8] Undefined variable: site_root 6748d5b480b09646a57d41dbfa127b36.php 第 23 行.
[ 2017-04-27T19:09:10+08:00 ] /cps.php | NOTIC: [8] Undefined variable: top_menu 6748d5b480b09646a57d41dbfa127b36.php 第 37 行.
[ 2017-04-27T19:09:10+08:00 ] /cps.php | NOTIC: [8] Undefined variable: lang 6748d5b480b09646a57d41dbfa127b36.php 第 45 行.
[ 2017-04-27T19:09:10+08:00 ] /cps.php | NOTIC: [8] Undefined variable: site_root 6748d5b480b09646a57d41dbfa127b36.php 第 50 行.
[ 2017-04-27T19:09:10+08:00 ] /cps.php | INFO: Run ParseTemplate Behavior [ RunTime:0.006000s ]
[ 2017-04-27T19:09:10+08:00 ] /cps.php | INFO: Tag[ view_parse ] --END-- [ RunTime:0.007001s ]
[ 2017-04-27T19:09:10+08:00 ] /cps.php | INFO: Tag[ view_filter ] --START--
[ 2017-04-27T19:09:10+08:00 ] /cps.php | INFO: Run ContentReplace Behavior [ RunTime:0.000000s ]
[ 2017-04-27T19:09:10+08:00 ] /cps.php | INFO: Run TokenBuild Behavior [ RunTime:0.000000s ]
[ 2017-04-27T19:09:10+08:00 ] /cps.php | INFO: Run WriteHtmlCache Behavior [ RunTime:0.000000s ]
[ 2017-04-27T19:09:10+08:00 ] /cps.php | INFO: Run ShowRuntime Behavior [ RunTime:0.001000s ]
[ 2017-04-27T19:09:10+08:00 ] /cps.php | INFO: Tag[ view_filter ] --END-- [ RunTime:0.001000s ]
[ 2017-04-27T19:09:10+08:00 ] /cps.php | INFO: Tag[ view_end ] --START--
[ 2017-04-27T19:09:10+08:00 ] /cps.php | INFO: Run ShowPageTrace Behavior [ RunTime:0.000000s ]
[ 2017-04-27T19:09:10+08:00 ] /cps.php | INFO: Tag[ view_end ] --END-- [ RunTime:0.000000s ]
[ 2017-04-27T19:09:10+08:00 ] /cps.php?a=main&m=public | ERR: (ThinkException) 无法加载模块public
[ 2017-04-27T19:09:10+08:00 ] /cps.php?a=menu&m=public&tag=0 | ERR: (ThinkException) 无法加载模块public
[ 2017-04-27T19:10:39+08:00 ] /cps.php | INFO: Tag[ app_begin ] --START--
[ 2017-04-27T19:10:39+08:00 ] /cps.php | INFO: Run ReadHtmlCache Behavior [ RunTime:0.000000s ]
[ 2017-04-27T19:10:39+08:00 ] /cps.php | INFO: Run CheckLang Behavior [ RunTime:0.000000s ]
[ 2017-04-27T19:10:39+08:00 ] /cps.php | INFO: Tag[ app_begin ] --END-- [ RunTime:0.000000s ]
[ 2017-04-27T19:10:39+08:00 ] /cps.php | INFO: Tag[ view_template ] --START--
[ 2017-04-27T19:10:39+08:00 ] /cps.php | INFO: Run LocationTemplate Behavior [ RunTime:0.000000s ]
[ 2017-04-27T19:10:39+08:00 ] /cps.php | INFO: Tag[ view_template ] --END-- [ RunTime:0.000000s ]
[ 2017-04-27T19:10:39+08:00 ] /cps.php | INFO: Tag[ view_parse ] --START--
[ 2017-04-27T19:10:39+08:00 ] /cps.php | NOTIC: [8] Undefined variable: my_info 6748d5b480b09646a57d41dbfa127b36.php 第 19 行.
[ 2017-04-27T19:10:39+08:00 ] /cps.php | NOTIC: [8] Undefined variable: admin_level 6748d5b480b09646a57d41dbfa127b36.php 第 19 行.
[ 2017-04-27T19:10:39+08:00 ] /cps.php | NOTIC: [8] Undefined variable: site_root 6748d5b480b09646a57d41dbfa127b36.php 第 23 行.
[ 2017-04-27T19:10:39+08:00 ] /cps.php | NOTIC: [8] Undefined variable: top_menu 6748d5b480b09646a57d41dbfa127b36.php 第 37 行.
[ 2017-04-27T19:10:39+08:00 ] /cps.php | NOTIC: [8] Undefined variable: lang 6748d5b480b09646a57d41dbfa127b36.php 第 45 行.
[ 2017-04-27T19:10:39+08:00 ] /cps.php | NOTIC: [8] Undefined variable: site_root 6748d5b480b09646a57d41dbfa127b36.php 第 50 行.
[ 2017-04-27T19:10:39+08:00 ] /cps.php | INFO: Run ParseTemplate Behavior [ RunTime:0.006001s ]
[ 2017-04-27T19:10:39+08:00 ] /cps.php | INFO: Tag[ view_parse ] --END-- [ RunTime:0.006001s ]
[ 2017-04-27T19:10:39+08:00 ] /cps.php | INFO: Tag[ view_filter ] --START--
[ 2017-04-27T19:10:39+08:00 ] /cps.php | INFO: Run ContentReplace Behavior [ RunTime:0.000000s ]
[ 2017-04-27T19:10:39+08:00 ] /cps.php | INFO: Run TokenBuild Behavior [ RunTime:0.000000s ]
[ 2017-04-27T19:10:39+08:00 ] /cps.php | INFO: Run WriteHtmlCache Behavior [ RunTime:0.001000s ]
[ 2017-04-27T19:10:39+08:00 ] /cps.php | INFO: Run ShowRuntime Behavior [ RunTime:0.000000s ]
[ 2017-04-27T19:10:39+08:00 ] /cps.php | INFO: Tag[ view_filter ] --END-- [ RunTime:0.001000s ]
[ 2017-04-27T19:10:39+08:00 ] /cps.php | INFO: Tag[ view_end ] --START--
[ 2017-04-27T19:10:39+08:00 ] /cps.php | INFO: Run ShowPageTrace Behavior [ RunTime:0.000000s ]
[ 2017-04-27T19:10:39+08:00 ] /cps.php | INFO: Tag[ view_end ] --END-- [ RunTime:0.000000s ]
[ 2017-04-27T19:10:39+08:00 ] /cps.php?a=main&m=public | ERR: (ThinkException) 无法加载模块public
[ 2017-04-27T19:10:39+08:00 ] /cps.php?a=menu&m=public&tag=0 | ERR: (ThinkException) 无法加载模块public
[ 2017-04-27T19:11:17+08:00 ] /cps.php | INFO: Tag[ app_begin ] --START--
[ 2017-04-27T19:11:17+08:00 ] /cps.php | INFO: Run ReadHtmlCache Behavior [ RunTime:0.000000s ]
[ 2017-04-27T19:11:17+08:00 ] /cps.php | INFO: Run CheckLang Behavior [ RunTime:0.000000s ]
[ 2017-04-27T19:11:17+08:00 ] /cps.php | INFO: Tag[ app_begin ] --END-- [ RunTime:0.000000s ]
[ 2017-04-27T19:11:17+08:00 ] /cps.php | INFO: Tag[ view_template ] --START--
[ 2017-04-27T19:11:17+08:00 ] /cps.php | INFO: Run LocationTemplate Behavior [ RunTime:0.001000s ]
[ 2017-04-27T19:11:17+08:00 ] /cps.php | INFO: Tag[ view_template ] --END-- [ RunTime:0.001000s ]
[ 2017-04-27T19:11:17+08:00 ] /cps.php | INFO: Tag[ view_parse ] --START--
[ 2017-04-27T19:11:17+08:00 ] /cps.php | INFO: Run ParseTemplate Behavior [ RunTime:0.011001s ]
[ 2017-04-27T19:11:17+08:00 ] /cps.php | INFO: Tag[ view_parse ] --END-- [ RunTime:0.011001s ]
[ 2017-04-27T19:11:17+08:00 ] /cps.php | INFO: Tag[ view_filter ] --START--
[ 2017-04-27T19:11:17+08:00 ] /cps.php | INFO: Run ContentReplace Behavior [ RunTime:0.000000s ]
[ 2017-04-27T19:11:17+08:00 ] /cps.php | INFO: Run TokenBuild Behavior [ RunTime:0.001000s ]
[ 2017-04-27T19:11:17+08:00 ] /cps.php | INFO: Run WriteHtmlCache Behavior [ RunTime:0.000000s ]
[ 2017-04-27T19:11:17+08:00 ] /cps.php | INFO: Run ShowRuntime Behavior [ RunTime:0.001000s ]
[ 2017-04-27T19:11:17+08:00 ] /cps.php | INFO: Tag[ view_filter ] --END-- [ RunTime:0.002000s ]
[ 2017-04-27T19:11:17+08:00 ] /cps.php | INFO: Tag[ view_end ] --START--
[ 2017-04-27T19:11:17+08:00 ] /cps.php | INFO: Run ShowPageTrace Behavior [ RunTime:0.000000s ]
[ 2017-04-27T19:11:17+08:00 ] /cps.php | INFO: Tag[ view_end ] --END-- [ RunTime:0.000000s ]
[ 2017-04-27T19:11:43+08:00 ] /cps.php | INFO: Tag[ app_begin ] --START--
[ 2017-04-27T19:11:43+08:00 ] /cps.php | INFO: Run ReadHtmlCache Behavior [ RunTime:0.000000s ]
[ 2017-04-27T19:11:43+08:00 ] /cps.php | INFO: Run CheckLang Behavior [ RunTime:0.001000s ]
[ 2017-04-27T19:11:43+08:00 ] /cps.php | INFO: Tag[ app_begin ] --END-- [ RunTime:0.001000s ]
[ 2017-04-27T19:11:43+08:00 ] /cps.php | INFO: Tag[ view_template ] --START--
[ 2017-04-27T19:11:43+08:00 ] /cps.php | INFO: Run LocationTemplate Behavior [ RunTime:0.000000s ]
[ 2017-04-27T19:11:43+08:00 ] /cps.php | INFO: Tag[ view_template ] --END-- [ RunTime:0.000000s ]
[ 2017-04-27T19:11:43+08:00 ] /cps.php | INFO: Tag[ view_parse ] --START--
[ 2017-04-27T19:11:43+08:00 ] /cps.php | NOTIC: [8] Undefined variable: my_info 6748d5b480b09646a57d41dbfa127b36.php 第 19 行.
[ 2017-04-27T19:11:43+08:00 ] /cps.php | NOTIC: [8] Undefined variable: admin_level 6748d5b480b09646a57d41dbfa127b36.php 第 19 行.
[ 2017-04-27T19:11:43+08:00 ] /cps.php | NOTIC: [8] Undefined variable: site_root 6748d5b480b09646a57d41dbfa127b36.php 第 23 行.
[ 2017-04-27T19:11:43+08:00 ] /cps.php | NOTIC: [8] Undefined variable: top_menu 6748d5b480b09646a57d41dbfa127b36.php 第 37 行.
[ 2017-04-27T19:11:43+08:00 ] /cps.php | NOTIC: [8] Undefined variable: lang 6748d5b480b09646a57d41dbfa127b36.php 第 45 行.
[ 2017-04-27T19:11:43+08:00 ] /cps.php | NOTIC: [8] Undefined variable: site_root 6748d5b480b09646a57d41dbfa127b36.php 第 50 行.
[ 2017-04-27T19:11:43+08:00 ] /cps.php | INFO: Run ParseTemplate Behavior [ RunTime:0.008000s ]
[ 2017-04-27T19:11:43+08:00 ] /cps.php | INFO: Tag[ view_parse ] --END-- [ RunTime:0.008000s ]
[ 2017-04-27T19:11:43+08:00 ] /cps.php | INFO: Tag[ view_filter ] --START--
[ 2017-04-27T19:11:43+08:00 ] /cps.php | INFO: Run ContentReplace Behavior [ RunTime:0.001000s ]
[ 2017-04-27T19:11:43+08:00 ] /cps.php | INFO: Run TokenBuild Behavior [ RunTime:0.000000s ]
[ 2017-04-27T19:11:43+08:00 ] /cps.php | INFO: Run WriteHtmlCache Behavior [ RunTime:0.000000s ]
[ 2017-04-27T19:11:43+08:00 ] /cps.php | INFO: Run ShowRuntime Behavior [ RunTime:0.000000s ]
[ 2017-04-27T19:11:43+08:00 ] /cps.php | INFO: Tag[ view_filter ] --END-- [ RunTime:0.001000s ]
[ 2017-04-27T19:11:43+08:00 ] /cps.php | INFO: Tag[ view_end ] --START--
[ 2017-04-27T19:11:43+08:00 ] /cps.php | INFO: Run ShowPageTrace Behavior [ RunTime:0.000000s ]
[ 2017-04-27T19:11:43+08:00 ] /cps.php | INFO: Tag[ view_end ] --END-- [ RunTime:0.000000s ]
[ 2017-04-27T19:11:43+08:00 ] /cps.php?a=main&m=public | ERR: (ThinkException) 无法加载模块public
[ 2017-04-27T19:11:43+08:00 ] /cps.php?a=menu&m=public&tag=0 | ERR: (ThinkException) 无法加载模块public
[ 2017-04-27T19:11:52+08:00 ] /cps.php | INFO: Tag[ app_begin ] --START--
[ 2017-04-27T19:11:52+08:00 ] /cps.php | INFO: Run ReadHtmlCache Behavior [ RunTime:0.000000s ]
[ 2017-04-27T19:11:52+08:00 ] /cps.php | INFO: Run CheckLang Behavior [ RunTime:0.001000s ]
[ 2017-04-27T19:11:52+08:00 ] /cps.php | INFO: Tag[ app_begin ] --END-- [ RunTime:0.001000s ]
[ 2017-04-27T19:11:52+08:00 ] /cps.php | SQL: SHOW COLUMNS FROM `ctw_admin` [ RunTime:0.006000s ]
[ 2017-04-27T19:11:52+08:00 ] /cps.php | SQL: SHOW COLUMNS FROM `ctw_items_cate` [ RunTime:0.006001s ]
[ 2017-04-27T19:11:52+08:00 ] /cps.php | SQL: SHOW COLUMNS FROM `ctw_user` [ RunTime:0.007000s ]
[ 2017-04-27T19:11:52+08:00 ] /cps.php | SQL: SHOW COLUMNS FROM `ctw_user_info` [ RunTime:0.006000s ]
[ 2017-04-27T19:11:52+08:00 ] /cps.php | SQL: SHOW COLUMNS FROM `ctw_album` [ RunTime:0.007001s ]
[ 2017-04-27T19:11:52+08:00 ] /cps.php | SQL: SHOW COLUMNS FROM `ctw_album_cate` [ RunTime:0.006000s ]
[ 2017-04-27T19:11:52+08:00 ] /cps.php | SQL: SHOW COLUMNS FROM `ctw_user_msg` [ RunTime:0.008001s ]
[ 2017-04-27T19:11:52+08:00 ] /cps.php | SQL: SHOW COLUMNS FROM `ctw_seo` [ RunTime:0.007000s ]
[ 2017-04-27T19:11:52+08:00 ] /cps.php | SQL: SHOW COLUMNS FROM `ctw_role` [ RunTime:0.006000s ]
[ 2017-04-27T19:11:52+08:00 ] /cps.php | SQL: SELECT `name`,`status`,`remark`,`create_time`,`update_time`,`data_state` FROM `ctw_role` WHERE id=1 LIMIT 1   [ RunTime:0.001001s ]
[ 2017-04-27T19:11:52+08:00 ] /cps.php | SQL: SHOW COLUMNS FROM `ctw_group` [ RunTime:0.006000s ]
[ 2017-04-27T19:11:52+08:00 ] /cps.php | SQL: SHOW COLUMNS FROM `ctw_admin` [ RunTime:0.006000s ]
[ 2017-04-27T19:11:52+08:00 ] /cps.php | SQL: SELECT `role_id` FROM `ctw_admin` WHERE id=1 LIMIT 1   [ RunTime:0.001000s ]
[ 2017-04-27T19:11:52+08:00 ] /cps.php | SQL: SHOW COLUMNS FROM `ctw_access` [ RunTime:0.008001s ]
[ 2017-04-27T19:11:52+08:00 ] /cps.php | SQL: SELECT `node_id` FROM `ctw_access` WHERE role_id=1  [ RunTime:0.002000s ]
[ 2017-04-27T19:11:52+08:00 ] /cps.php | SQL: SHOW COLUMNS FROM `ctw_node` [ RunTime:0.010001s ]
[ 2017-04-27T19:11:52+08:00 ] /cps.php | SQL: SELECT DISTINCT  `group_id` FROM `ctw_node` WHERE auth_type<>2 AND status=1 AND is_show=0  ORDER BY sort DESC  [ RunTime:0.001000s ]
[ 2017-04-27T19:11:52+08:00 ] /cps.php | SQL: SELECT `id`,`title` FROM `ctw_group` WHERE status=1 AND id in (7,8,4,1,6,29,9,28,27) ORDER BY sort ASC  [ RunTime:0.001000s ]
[ 2017-04-27T19:11:52+08:00 ] /cps.php | SQL: SHOW COLUMNS FROM `ctw_setting` [ RunTime:0.008000s ]
[ 2017-04-27T19:11:52+08:00 ] /cps.php | SQL: SELECT * FROM `ctw_setting`  [ RunTime:0.002000s ]
[ 2017-04-27T19:11:52+08:00 ] /cps.php | NOTIC: [8] Undefined index: iframe baseAction.class.php 第 121 行.
[ 2017-04-27T19:11:52+08:00 ] /cps.php | INFO: Tag[ view_template ] --START--
[ 2017-04-27T19:11:52+08:00 ] /cps.php | INFO: Run LocationTemplate Behavior [ RunTime:0.000000s ]
[ 2017-04-27T19:11:52+08:00 ] /cps.php | INFO: Tag[ view_template ] --END-- [ RunTime:0.000000s ]
[ 2017-04-27T19:11:52+08:00 ] /cps.php | INFO: Tag[ view_parse ] --START--
[ 2017-04-27T19:11:52+08:00 ] /cps.php | NOTIC: [8] Undefined variable: lang 6748d5b480b09646a57d41dbfa127b36.php 第 45 行.
[ 2017-04-27T19:11:52+08:00 ] /cps.php | INFO: Run ParseTemplate Behavior [ RunTime:0.006001s ]
[ 2017-04-27T19:11:52+08:00 ] /cps.php | INFO: Tag[ view_parse ] --END-- [ RunTime:0.006001s ]
[ 2017-04-27T19:11:52+08:00 ] /cps.php | INFO: Tag[ view_filter ] --START--
[ 2017-04-27T19:11:52+08:00 ] /cps.php | INFO: Run ContentReplace Behavior [ RunTime:0.001000s ]
[ 2017-04-27T19:11:52+08:00 ] /cps.php | INFO: Run TokenBuild Behavior [ RunTime:0.000000s ]
[ 2017-04-27T19:11:52+08:00 ] /cps.php | INFO: Run WriteHtmlCache Behavior [ RunTime:0.000000s ]
[ 2017-04-27T19:11:52+08:00 ] /cps.php | INFO: Run ShowRuntime Behavior [ RunTime:0.000000s ]
[ 2017-04-27T19:11:52+08:00 ] /cps.php | INFO: Tag[ view_filter ] --END-- [ RunTime:0.001000s ]
[ 2017-04-27T19:11:52+08:00 ] /cps.php | INFO: Tag[ view_end ] --START--
[ 2017-04-27T19:11:52+08:00 ] /cps.php | INFO: Run ShowPageTrace Behavior [ RunTime:0.001000s ]
[ 2017-04-27T19:11:52+08:00 ] /cps.php | INFO: Tag[ view_end ] --END-- [ RunTime:0.001000s ]
[ 2017-04-27T19:11:52+08:00 ] /cps.php?a=main&m=public | ERR: (ThinkException) 无法加载模块public
[ 2017-04-27T19:11:52+08:00 ] /cps.php?a=menu&m=public&tag=0 | ERR: (ThinkException) 无法加载模块public
[ 2017-04-27T19:11:53+08:00 ] /cps.php | INFO: Tag[ app_begin ] --START--
[ 2017-04-27T19:11:53+08:00 ] /cps.php | INFO: Run ReadHtmlCache Behavior [ RunTime:0.001000s ]
[ 2017-04-27T19:11:53+08:00 ] /cps.php | INFO: Run CheckLang Behavior [ RunTime:0.000000s ]
[ 2017-04-27T19:11:53+08:00 ] /cps.php | INFO: Tag[ app_begin ] --END-- [ RunTime:0.001000s ]
[ 2017-04-27T19:11:53+08:00 ] /cps.php | SQL: SHOW COLUMNS FROM `ctw_admin` [ RunTime:0.005000s ]
[ 2017-04-27T19:11:53+08:00 ] /cps.php | SQL: SHOW COLUMNS FROM `ctw_items_cate` [ RunTime:0.007001s ]
[ 2017-04-27T19:11:53+08:00 ] /cps.php | SQL: SHOW COLUMNS FROM `ctw_user` [ RunTime:0.005000s ]
[ 2017-04-27T19:11:53+08:00 ] /cps.php | SQL: SHOW COLUMNS FROM `ctw_user_info` [ RunTime:0.005001s ]
[ 2017-04-27T19:11:53+08:00 ] /cps.php | SQL: SHOW COLUMNS FROM `ctw_album` [ RunTime:0.006000s ]
[ 2017-04-27T19:11:53+08:00 ] /cps.php | SQL: SHOW COLUMNS FROM `ctw_album_cate` [ RunTime:0.007000s ]
[ 2017-04-27T19:11:53+08:00 ] /cps.php | SQL: SHOW COLUMNS FROM `ctw_user_msg` [ RunTime:0.007001s ]
[ 2017-04-27T19:11:53+08:00 ] /cps.php | SQL: SHOW COLUMNS FROM `ctw_seo` [ RunTime:0.006000s ]
[ 2017-04-27T19:11:53+08:00 ] /cps.php | SQL: SHOW COLUMNS FROM `ctw_role` [ RunTime:0.007000s ]
[ 2017-04-27T19:11:53+08:00 ] /cps.php | SQL: SELECT `name`,`status`,`remark`,`create_time`,`update_time`,`data_state` FROM `ctw_role` WHERE id=1 LIMIT 1   [ RunTime:0.001001s ]
[ 2017-04-27T19:11:53+08:00 ] /cps.php | SQL: SHOW COLUMNS FROM `ctw_group` [ RunTime:0.005000s ]
[ 2017-04-27T19:11:53+08:00 ] /cps.php | SQL: SHOW COLUMNS FROM `ctw_admin` [ RunTime:0.006000s ]
[ 2017-04-27T19:11:53+08:00 ] /cps.php | SQL: SELECT `role_id` FROM `ctw_admin` WHERE id=1 LIMIT 1   [ RunTime:0.001000s ]
[ 2017-04-27T19:11:53+08:00 ] /cps.php | SQL: SHOW COLUMNS FROM `ctw_access` [ RunTime:0.007001s ]
[ 2017-04-27T19:11:53+08:00 ] /cps.php | SQL: SELECT `node_id` FROM `ctw_access` WHERE role_id=1  [ RunTime:0.002000s ]
[ 2017-04-27T19:11:53+08:00 ] /cps.php | SQL: SHOW COLUMNS FROM `ctw_node` [ RunTime:0.005000s ]
[ 2017-04-27T19:11:53+08:00 ] /cps.php | SQL: SELECT DISTINCT  `group_id` FROM `ctw_node` WHERE auth_type<>2 AND status=1 AND is_show=0  ORDER BY sort DESC  [ RunTime:0.001000s ]
[ 2017-04-27T19:11:53+08:00 ] /cps.php | SQL: SELECT `id`,`title` FROM `ctw_group` WHERE status=1 AND id in (7,8,4,1,6,29,9,28,27) ORDER BY sort ASC  [ RunTime:0.000000s ]
[ 2017-04-27T19:11:53+08:00 ] /cps.php | SQL: SHOW COLUMNS FROM `ctw_setting` [ RunTime:0.005000s ]
[ 2017-04-27T19:11:53+08:00 ] /cps.php | SQL: SELECT * FROM `ctw_setting`  [ RunTime:0.001001s ]
[ 2017-04-27T19:11:53+08:00 ] /cps.php | NOTIC: [8] Undefined index: iframe baseAction.class.php 第 121 行.
[ 2017-04-27T19:11:53+08:00 ] /cps.php | INFO: Tag[ view_template ] --START--
[ 2017-04-27T19:11:53+08:00 ] /cps.php | INFO: Run LocationTemplate Behavior [ RunTime:0.000000s ]
[ 2017-04-27T19:11:53+08:00 ] /cps.php | INFO: Tag[ view_template ] --END-- [ RunTime:0.000000s ]
[ 2017-04-27T19:11:53+08:00 ] /cps.php | INFO: Tag[ view_parse ] --START--
[ 2017-04-27T19:11:53+08:00 ] /cps.php | NOTIC: [8] Undefined variable: lang 6748d5b480b09646a57d41dbfa127b36.php 第 45 行.
[ 2017-04-27T19:11:53+08:00 ] /cps.php | INFO: Run ParseTemplate Behavior [ RunTime:0.006000s ]
[ 2017-04-27T19:11:53+08:00 ] /cps.php | INFO: Tag[ view_parse ] --END-- [ RunTime:0.006000s ]
[ 2017-04-27T19:11:53+08:00 ] /cps.php | INFO: Tag[ view_filter ] --START--
[ 2017-04-27T19:11:53+08:00 ] /cps.php | INFO: Run ContentReplace Behavior [ RunTime:0.000000s ]
[ 2017-04-27T19:11:53+08:00 ] /cps.php | INFO: Run TokenBuild Behavior [ RunTime:0.000000s ]
[ 2017-04-27T19:11:53+08:00 ] /cps.php | INFO: Run WriteHtmlCache Behavior [ RunTime:0.000000s ]
[ 2017-04-27T19:11:53+08:00 ] /cps.php | INFO: Run ShowRuntime Behavior [ RunTime:0.000000s ]
[ 2017-04-27T19:11:53+08:00 ] /cps.php | INFO: Tag[ view_filter ] --END-- [ RunTime:0.000000s ]
[ 2017-04-27T19:11:53+08:00 ] /cps.php | INFO: Tag[ view_end ] --START--
[ 2017-04-27T19:11:53+08:00 ] /cps.php | INFO: Run ShowPageTrace Behavior [ RunTime:0.000000s ]
[ 2017-04-27T19:11:53+08:00 ] /cps.php | INFO: Tag[ view_end ] --END-- [ RunTime:0.000000s ]
[ 2017-04-27T19:11:53+08:00 ] /cps.php?a=main&m=public | ERR: (ThinkException) 无法加载模块public
[ 2017-04-27T19:11:53+08:00 ] /cps.php?a=menu&m=public&tag=0 | ERR: (ThinkException) 无法加载模块public
[ 2017-04-27T19:11:54+08:00 ] /cps.php?a=menu&m=public&tag=27 | ERR: (ThinkException) 无法加载模块public
[ 2017-04-27T19:11:55+08:00 ] /cps.php?a=menu&m=public&tag=6 | ERR: (ThinkException) 无法加载模块public
[ 2017-04-27T19:11:56+08:00 ] /cps.php?a=menu&m=public&tag=28 | ERR: (ThinkException) 无法加载模块public
[ 2017-04-27T19:11:57+08:00 ] /cps.php?a=menu&m=public&tag=4 | ERR: (ThinkException) 无法加载模块public
[ 2017-04-27T19:11:58+08:00 ] /cps.php?a=menu&m=public&tag=8 | ERR: (ThinkException) 无法加载模块public
[ 2017-04-27T19:11:58+08:00 ] /cps.php?a=menu&m=public&tag=1 | ERR: (ThinkException) 无法加载模块public
[ 2017-04-27T19:11:59+08:00 ] /cps.php?a=menu&m=public&tag=29 | ERR: (ThinkException) 无法加载模块public
