[ 2017-02-19T12:55:31+08:00 ] /install.php?a=install&m=index | INFO: Tag[ app_begin ] --START--
[ 2017-02-19T12:55:31+08:00 ] /install.php?a=install&m=index | INFO: Run ReadHtmlCache Behavior [ RunTime:0.000000s ]
[ 2017-02-19T12:55:31+08:00 ] /install.php?a=install&m=index | INFO: Tag[ app_begin ] --END-- [ RunTime:0.000000s ]
[ 2017-02-19T12:55:31+08:00 ] /install.php?a=install&m=index | INFO: Tag[ view_template ] --START--
[ 2017-02-19T12:55:31+08:00 ] /install.php?a=install&m=index | INFO: Run LocationTemplate Behavior [ RunTime:0.001000s ]
[ 2017-02-19T12:55:31+08:00 ] /install.php?a=install&m=index | INFO: Tag[ view_template ] --END-- [ RunTime:0.001000s ]
[ 2017-02-19T12:55:31+08:00 ] /install.php?a=install&m=index | INFO: Tag[ view_parse ] --START--
[ 2017-02-19T12:55:31+08:00 ] /install.php?a=install&m=index | NOTIC: [8] Undefined variable: page 073d34d9e7b1ac73120daea81ee4ce8d.php 第 5 行.
[ 2017-02-19T12:55:31+08:00 ] /install.php?a=install&m=index | INFO: Run ParseTemplate Behavior [ RunTime:0.011000s ]
[ 2017-02-19T12:55:31+08:00 ] /install.php?a=install&m=index | INFO: Tag[ view_parse ] --END-- [ RunTime:0.011000s ]
[ 2017-02-19T12:55:31+08:00 ] /install.php?a=install&m=index | INFO: Tag[ view_filter ] --START--
[ 2017-02-19T12:55:31+08:00 ] /install.php?a=install&m=index | INFO: Run ContentReplace Behavior [ RunTime:0.001000s ]
[ 2017-02-19T12:55:31+08:00 ] /install.php?a=install&m=index | INFO: Run TokenBuild Behavior [ RunTime:0.000000s ]
[ 2017-02-19T12:55:31+08:00 ] /install.php?a=install&m=index | INFO: Run WriteHtmlCache Behavior [ RunTime:0.001001s ]
[ 2017-02-19T12:55:31+08:00 ] /install.php?a=install&m=index | INFO: Run ShowRuntime Behavior [ RunTime:0.000000s ]
[ 2017-02-19T12:55:31+08:00 ] /install.php?a=install&m=index | INFO: Tag[ view_filter ] --END-- [ RunTime:0.002001s ]
[ 2017-02-19T12:55:31+08:00 ] /install.php?a=install&m=index | INFO: Tag[ view_end ] --START--
[ 2017-02-19T12:55:31+08:00 ] /install.php?a=install&m=index | INFO: Run ShowPageTrace Behavior [ RunTime:0.001000s ]
[ 2017-02-19T12:55:31+08:00 ] /install.php?a=install&m=index | INFO: Tag[ view_end ] --END-- [ RunTime:0.001000s ]
[ 2017-02-19T12:57:47+08:00 ] /install.php?a=finish&m=index | INFO: Tag[ app_begin ] --START--
[ 2017-02-19T12:57:47+08:00 ] /install.php?a=finish&m=index | INFO: Run ReadHtmlCache Behavior [ RunTime:0.001000s ]
[ 2017-02-19T12:57:47+08:00 ] /install.php?a=finish&m=index | INFO: Tag[ app_begin ] --END-- [ RunTime:0.002000s ]
[ 2017-02-19T12:57:47+08:00 ] /install.php?a=finish&m=index | INFO: Tag[ view_template ] --START--
[ 2017-02-19T12:57:47+08:00 ] /install.php?a=finish&m=index | INFO: Run LocationTemplate Behavior [ RunTime:0.001000s ]
[ 2017-02-19T12:57:47+08:00 ] /install.php?a=finish&m=index | INFO: Tag[ view_template ] --END-- [ RunTime:0.002001s ]
[ 2017-02-19T12:57:47+08:00 ] /install.php?a=finish&m=index | INFO: Tag[ view_parse ] --START--
[ 2017-02-19T12:57:47+08:00 ] /install.php?a=finish&m=index | NOTIC: [8] Undefined variable: page 5e6b1939ecfba2cf7fb38809d0bfa0be.php 第 5 行.
[ 2017-02-19T12:57:47+08:00 ] /install.php?a=finish&m=index | INFO: Run ParseTemplate Behavior [ RunTime:0.012000s ]
[ 2017-02-19T12:57:47+08:00 ] /install.php?a=finish&m=index | INFO: Tag[ view_parse ] --END-- [ RunTime:0.012000s ]
[ 2017-02-19T12:57:47+08:00 ] /install.php?a=finish&m=index | INFO: Tag[ view_filter ] --START--
[ 2017-02-19T12:57:47+08:00 ] /install.php?a=finish&m=index | INFO: Run ContentReplace Behavior [ RunTime:0.000000s ]
[ 2017-02-19T12:57:47+08:00 ] /install.php?a=finish&m=index | INFO: Run TokenBuild Behavior [ RunTime:0.001000s ]
[ 2017-02-19T12:57:47+08:00 ] /install.php?a=finish&m=index | INFO: Run WriteHtmlCache Behavior [ RunTime:0.001000s ]
[ 2017-02-19T12:57:47+08:00 ] /install.php?a=finish&m=index | INFO: Run ShowRuntime Behavior [ RunTime:0.000000s ]
[ 2017-02-19T12:57:47+08:00 ] /install.php?a=finish&m=index | INFO: Tag[ view_filter ] --END-- [ RunTime:0.002000s ]
[ 2017-02-19T12:57:47+08:00 ] /install.php?a=finish&m=index | INFO: Tag[ view_end ] --START--
[ 2017-02-19T12:57:47+08:00 ] /install.php?a=finish&m=index | INFO: Run ShowPageTrace Behavior [ RunTime:0.001000s ]
[ 2017-02-19T12:57:47+08:00 ] /install.php?a=finish&m=index | INFO: Tag[ view_end ] --END-- [ RunTime:0.001000s ]
