[ 2017-03-27T11:49:04+08:00 ] / | ERR: (ThinkException) Access denied for user 'root'@'localhost' (using password: YES)
[ 2017-03-27T11:49:05+08:00 ] / | ERR: (ThinkException) Access denied for user 'root'@'localhost' (using password: YES)
[ 2017-03-27T11:49:05+08:00 ] / | ERR: (ThinkException) Access denied for user 'root'@'localhost' (using password: YES)
[ 2017-03-27T11:50:14+08:00 ] / | ERR: (ThinkException) Unknown database '_ctw'
[ 2017-03-27T11:50:15+08:00 ] / | ERR: (ThinkException) Unknown database '_ctw'
[ 2017-03-27T11:50:16+08:00 ] / | ERR: (ThinkException) Unknown database '_ctw'
[ 2017-03-27T11:50:16+08:00 ] / | ERR: (ThinkException) Unknown database '_ctw'
[ 2017-03-27T11:50:17+08:00 ] / | ERR: (ThinkException) Unknown database '_ctw'
[ 2017-03-27T11:50:24+08:00 ] / | INFO: Tag[ app_begin ] --START--
[ 2017-03-27T11:50:24+08:00 ] / | INFO: Run ReadHtmlCache Behavior [ RunTime:0.000396s ]
[ 2017-03-27T11:50:24+08:00 ] / | INFO: Tag[ app_begin ] --END-- [ RunTime:0.000509s ]
[ 2017-03-27T11:50:24+08:00 ] / | SQL: SHOW COLUMNS FROM `ctw_setting` [ RunTime:0.000586s ]
[ 2017-03-27T11:50:24+08:00 ] / | SQL: SHOW COLUMNS FROM `ctw_like_list` [ RunTime:0.000455s ]
[ 2017-03-27T11:50:24+08:00 ] / | SQL: SHOW COLUMNS FROM `ctw_user` [ RunTime:0.000599s ]
[ 2017-03-27T11:50:24+08:00 ] / | SQL: SHOW COLUMNS FROM `ctw_user_info` [ RunTime:0.000761s ]
[ 2017-03-27T11:50:25+08:00 ] / | SQL: SHOW COLUMNS FROM `ctw_items` [ RunTime:0.000925s ]
[ 2017-03-27T11:50:25+08:00 ] / | SQL: SHOW COLUMNS FROM `ctw_items_cate` [ RunTime:0.000684s ]
[ 2017-03-27T11:50:25+08:00 ] / | SQL: SHOW COLUMNS FROM `ctw_items_comments` [ RunTime:0.000482s ]
[ 2017-03-27T11:50:25+08:00 ] / | SQL: SHOW COLUMNS FROM `ctw_user_openid` [ RunTime:0.000464s ]
[ 2017-03-27T11:50:25+08:00 ] / | SQL: SHOW COLUMNS FROM `ctw_user_follow` [ RunTime:0.000430s ]
[ 2017-03-27T11:50:25+08:00 ] / | SQL: SHOW COLUMNS FROM `ctw_user_comments` [ RunTime:0.000470s ]
[ 2017-03-27T11:50:25+08:00 ] / | SQL: SHOW COLUMNS FROM `ctw_seo` [ RunTime:0.000436s ]
[ 2017-03-27T11:50:25+08:00 ] / | SQL: SHOW COLUMNS FROM `ctw_article` [ RunTime:0.000654s ]
[ 2017-03-27T11:50:25+08:00 ] / | NOTIC: [2] mkdir(): No such file or directory common.php 第 480 行.
[ 2017-03-27T11:50:25+08:00 ] / | SQL: SHOW COLUMNS FROM `ctw_setting` [ RunTime:0.000368s ]
[ 2017-03-27T11:50:25+08:00 ] / | SQL: SELECT * FROM `ctw_setting`  [ RunTime:0.000140s ]
[ 2017-03-27T11:50:25+08:00 ] / | NOTIC: [8] Undefined index: ban_spider baseAction.class.php 第 59 行.
[ 2017-03-27T11:50:25+08:00 ] / | SQL: SELECT `id`,`title`,`url` FROM `ctw_article` WHERE cate_id=1 and status=1 ORDER BY ordid  [ RunTime:0.000083s ]
[ 2017-03-27T11:50:25+08:00 ] / | NOTIC: [2] mkdir(): No such file or directory common.php 第 480 行.
[ 2017-03-27T11:50:25+08:00 ] / | SQL: SHOW COLUMNS FROM `ctw_nav` [ RunTime:0.000554s ]
[ 2017-03-27T11:50:25+08:00 ] / | SQL: SELECT * FROM `ctw_nav` WHERE is_show=1 AND type=1 ORDER BY sort_order ASC  [ RunTime:0.000106s ]
[ 2017-03-27T11:50:25+08:00 ] / | NOTIC: [2] mkdir(): No such file or directory common.php 第 480 行.
[ 2017-03-27T11:50:25+08:00 ] / | SQL: SHOW COLUMNS FROM `ctw_flink` [ RunTime:0.000498s ]
[ 2017-03-27T11:50:25+08:00 ] / | SQL: SELECT * FROM `ctw_flink` WHERE status=1 and cate_id=1 ORDER BY ordid asc  [ RunTime:0.000064s ]
[ 2017-03-27T11:50:25+08:00 ] / | NOTIC: [2] mkdir(): No such file or directory common.php 第 480 行.
[ 2017-03-27T11:50:25+08:00 ] / | SQL: SELECT * FROM `ctw_flink` WHERE status=1 and cate_id=2 ORDER BY ordid asc  [ RunTime:0.000065s ]
[ 2017-03-27T11:50:25+08:00 ] / | NOTIC: [8] Undefined index: user baseAction.class.php 第 150 行.
[ 2017-03-27T11:50:25+08:00 ] / | SQL: SELECT * FROM `ctw_user` WHERE id= LIMIT 1   [ RunTime:0.000077s ]
[ 2017-03-27T11:50:25+08:00 ] / | NOTIC: [8] Undefined index: user baseAction.class.php 第 172 行.
[ 2017-03-27T11:50:25+08:00 ] / | SQL: SELECT COUNT(*) AS tp_count FROM `ctw_user_follow` WHERE fans_id= and uid= LIMIT 1   [ RunTime:0.000071s ]
[ 2017-03-27T11:50:25+08:00 ] / | NOTIC: [8] Undefined index: user baseAction.class.php 第 177 行.
[ 2017-03-27T11:50:25+08:00 ] / | SQL: SHOW COLUMNS FROM `ctw_items_cate` [ RunTime:0.000689s ]
[ 2017-03-27T11:50:25+08:00 ] / | SQL: SELECT * FROM `ctw_items_cate` ORDER BY ordid ASC  [ RunTime:0.000692s ]
[ 2017-03-27T11:50:25+08:00 ] / | NOTIC: [8] Undefined index: user baseAction.class.php 第 399 行.
[ 2017-03-27T11:50:25+08:00 ] / | NOTIC: [8] Use of undefined constant __TMPL__ - assumed '__TMPL__' baseAction.class.php 第 403 行.
[ 2017-03-27T11:50:25+08:00 ] / | SQL: SELECT * FROM `ctw_seo`  [ RunTime:0.000139s ]
[ 2017-03-27T11:50:25+08:00 ] / | SQL: SHOW COLUMNS FROM `ctw_focus` [ RunTime:0.000717s ]
[ 2017-03-27T11:50:25+08:00 ] / | NOTIC: [2] mkdir(): No such file or directory common.php 第 480 行.
[ 2017-03-27T11:50:25+08:00 ] / | SQL: SHOW COLUMNS FROM `ctw_items_cate` [ RunTime:0.000674s ]
[ 2017-03-27T11:50:25+08:00 ] / | SQL: SHOW COLUMNS FROM `ctw_items` [ RunTime:0.000870s ]
[ 2017-03-27T11:50:25+08:00 ] / | SQL: SELECT * FROM `ctw_items_cate` WHERE pid=0 AND is_hots=1 and status=1 ORDER BY ordid ASC  [ RunTime:0.000082s ]
[ 2017-03-27T11:50:25+08:00 ] / | SQL: SELECT * FROM `ctw_items_cate` WHERE pid=2 and status=1 ORDER BY ordid ASC LIMIT 0,10   [ RunTime:0.000068s ]
[ 2017-03-27T11:50:25+08:00 ] / | SQL: SELECT * FROM `ctw_items_cate` WHERE pid in(-1,12,13,14) and status=1 ORDER BY ordid ASC LIMIT 0,10   [ RunTime:0.000068s ]
[ 2017-03-27T11:50:25+08:00 ] / | SQL: SELECT * FROM `ctw_items_cate` WHERE pid in(-1,12,13,14) AND is_hots=1 and status=1 ORDER BY ordid ASC  [ RunTime:0.000067s ]
[ 2017-03-27T11:50:25+08:00 ] / | SQL: SELECT `id`,`title`,`simg`,`bimg` FROM `ctw_items` WHERE cid=118 ORDER BY is_index DESC,likes DESC LIMIT 0,6   [ RunTime:0.000067s ]
[ 2017-03-27T11:50:25+08:00 ] / | NOTIC: [2] Invalid argument supplied for foreach() baseAction.class.php 第 294 行.
[ 2017-03-27T11:50:25+08:00 ] / | SQL: SELECT `id`,`title`,`simg`,`bimg` FROM `ctw_items` WHERE cid=120 ORDER BY is_index DESC,likes DESC LIMIT 0,6   [ RunTime:0.000055s ]
[ 2017-03-27T11:50:25+08:00 ] / | NOTIC: [2] Invalid argument supplied for foreach() baseAction.class.php 第 294 行.
[ 2017-03-27T11:50:25+08:00 ] / | SQL: SELECT `id`,`title`,`simg`,`bimg` FROM `ctw_items` WHERE cid=121 ORDER BY is_index DESC,likes DESC LIMIT 0,6   [ RunTime:0.000056s ]
[ 2017-03-27T11:50:25+08:00 ] / | NOTIC: [2] Invalid argument supplied for foreach() baseAction.class.php 第 294 行.
[ 2017-03-27T11:50:25+08:00 ] / | SQL: SELECT `id`,`title`,`simg`,`bimg` FROM `ctw_items` WHERE cid=124 ORDER BY is_index DESC,likes DESC LIMIT 0,6   [ RunTime:0.000058s ]
[ 2017-03-27T11:50:25+08:00 ] / | NOTIC: [2] Invalid argument supplied for foreach() baseAction.class.php 第 294 行.
[ 2017-03-27T11:50:25+08:00 ] / | SQL: SELECT `id`,`title`,`simg`,`bimg` FROM `ctw_items` WHERE cid=125 ORDER BY is_index DESC,likes DESC LIMIT 0,6   [ RunTime:0.000066s ]
[ 2017-03-27T11:50:25+08:00 ] / | NOTIC: [2] Invalid argument supplied for foreach() baseAction.class.php 第 294 行.
[ 2017-03-27T11:50:25+08:00 ] / | SQL: SELECT `id`,`title`,`simg`,`bimg` FROM `ctw_items` WHERE cid=127 ORDER BY is_index DESC,likes DESC LIMIT 0,6   [ RunTime:0.000057s ]
[ 2017-03-27T11:50:25+08:00 ] / | NOTIC: [2] Invalid argument supplied for foreach() baseAction.class.php 第 294 行.
[ 2017-03-27T11:50:25+08:00 ] / | SQL: SELECT `id`,`title`,`simg`,`bimg` FROM `ctw_items` WHERE cid=132 ORDER BY is_index DESC,likes DESC LIMIT 0,6   [ RunTime:0.000054s ]
[ 2017-03-27T11:50:25+08:00 ] / | NOTIC: [2] Invalid argument supplied for foreach() baseAction.class.php 第 294 行.
[ 2017-03-27T11:50:25+08:00 ] / | SQL: SELECT * FROM `ctw_items_cate` WHERE pid=3 and status=1 ORDER BY ordid ASC LIMIT 0,10   [ RunTime:0.000065s ]
[ 2017-03-27T11:50:25+08:00 ] / | SQL: SELECT * FROM `ctw_items_cate` WHERE pid in(-1,17,21,33) and status=1 ORDER BY ordid ASC LIMIT 0,10   [ RunTime:0.000075s ]
[ 2017-03-27T11:50:25+08:00 ] / | SQL: SELECT * FROM `ctw_items_cate` WHERE pid in(-1,17,21,33) AND is_hots=1 and status=1 ORDER BY ordid ASC  [ RunTime:0.000068s ]
[ 2017-03-27T11:50:25+08:00 ] / | SQL: SELECT `id`,`title`,`simg`,`bimg` FROM `ctw_items` WHERE cid=367 ORDER BY is_index DESC,likes DESC LIMIT 0,6   [ RunTime:0.000053s ]
[ 2017-03-27T11:50:25+08:00 ] / | NOTIC: [2] Invalid argument supplied for foreach() baseAction.class.php 第 294 行.
[ 2017-03-27T11:50:25+08:00 ] / | SQL: SELECT `id`,`title`,`simg`,`bimg` FROM `ctw_items` WHERE cid=369 ORDER BY is_index DESC,likes DESC LIMIT 0,6   [ RunTime:0.000055s ]
[ 2017-03-27T11:50:25+08:00 ] / | NOTIC: [2] Invalid argument supplied for foreach() baseAction.class.php 第 294 行.
[ 2017-03-27T11:50:25+08:00 ] / | SQL: SELECT `id`,`title`,`simg`,`bimg` FROM `ctw_items` WHERE cid=370 ORDER BY is_index DESC,likes DESC LIMIT 0,6   [ RunTime:0.000063s ]
[ 2017-03-27T11:50:25+08:00 ] / | NOTIC: [2] Invalid argument supplied for foreach() baseAction.class.php 第 294 行.
[ 2017-03-27T11:50:25+08:00 ] / | SQL: SELECT `id`,`title`,`simg`,`bimg` FROM `ctw_items` WHERE cid=372 ORDER BY is_index DESC,likes DESC LIMIT 0,6   [ RunTime:0.000055s ]
[ 2017-03-27T11:50:25+08:00 ] / | NOTIC: [2] Invalid argument supplied for foreach() baseAction.class.php 第 294 行.
[ 2017-03-27T11:50:25+08:00 ] / | SQL: SELECT `id`,`title`,`simg`,`bimg` FROM `ctw_items` WHERE cid=373 ORDER BY is_index DESC,likes DESC LIMIT 0,6   [ RunTime:0.000054s ]
[ 2017-03-27T11:50:25+08:00 ] / | NOTIC: [2] Invalid argument supplied for foreach() baseAction.class.php 第 294 行.
[ 2017-03-27T11:50:25+08:00 ] / | SQL: SELECT `id`,`title`,`simg`,`bimg` FROM `ctw_items` WHERE cid=375 ORDER BY is_index DESC,likes DESC LIMIT 0,6   [ RunTime:0.000055s ]
[ 2017-03-27T11:50:25+08:00 ] / | NOTIC: [2] Invalid argument supplied for foreach() baseAction.class.php 第 294 行.
[ 2017-03-27T11:50:25+08:00 ] / | SQL: SELECT `id`,`title`,`simg`,`bimg` FROM `ctw_items` WHERE cid=376 ORDER BY is_index DESC,likes DESC LIMIT 0,6   [ RunTime:0.000084s ]
[ 2017-03-27T11:50:25+08:00 ] / | NOTIC: [2] Invalid argument supplied for foreach() baseAction.class.php 第 294 行.
[ 2017-03-27T11:50:25+08:00 ] / | SQL: SELECT `id`,`title`,`simg`,`bimg` FROM `ctw_items` WHERE cid=383 ORDER BY is_index DESC,likes DESC LIMIT 0,6   [ RunTime:0.000053s ]
[ 2017-03-27T11:50:25+08:00 ] / | NOTIC: [2] Invalid argument supplied for foreach() baseAction.class.php 第 294 行.
[ 2017-03-27T11:50:25+08:00 ] / | SQL: SELECT * FROM `ctw_items_cate` WHERE pid=4 and status=1 ORDER BY ordid ASC LIMIT 0,10   [ RunTime:0.000068s ]
[ 2017-03-27T11:50:25+08:00 ] / | SQL: SELECT * FROM `ctw_items_cate` WHERE pid in(-1,30,22,18) and status=1 ORDER BY ordid ASC LIMIT 0,10   [ RunTime:0.000069s ]
[ 2017-03-27T11:50:25+08:00 ] / | SQL: SELECT * FROM `ctw_items_cate` WHERE pid in(-1,30,22,18) AND is_hots=1 and status=1 ORDER BY ordid ASC  [ RunTime:0.000074s ]
[ 2017-03-27T11:50:25+08:00 ] / | SQL: SELECT `id`,`title`,`simg`,`bimg` FROM `ctw_items` WHERE cid=329 ORDER BY is_index DESC,likes DESC LIMIT 0,6   [ RunTime:0.000056s ]
[ 2017-03-27T11:50:25+08:00 ] / | NOTIC: [2] Invalid argument supplied for foreach() baseAction.class.php 第 294 行.
[ 2017-03-27T11:50:25+08:00 ] / | SQL: SELECT `id`,`title`,`simg`,`bimg` FROM `ctw_items` WHERE cid=333 ORDER BY is_index DESC,likes DESC LIMIT 0,6   [ RunTime:0.000052s ]
[ 2017-03-27T11:50:25+08:00 ] / | NOTIC: [2] Invalid argument supplied for foreach() baseAction.class.php 第 294 行.
[ 2017-03-27T11:50:25+08:00 ] / | SQL: SELECT `id`,`title`,`simg`,`bimg` FROM `ctw_items` WHERE cid=339 ORDER BY is_index DESC,likes DESC LIMIT 0,6   [ RunTime:0.000052s ]
[ 2017-03-27T11:50:25+08:00 ] / | NOTIC: [2] Invalid argument supplied for foreach() baseAction.class.php 第 294 行.
[ 2017-03-27T11:50:25+08:00 ] / | SQL: SELECT `id`,`title`,`simg`,`bimg` FROM `ctw_items` WHERE cid=343 ORDER BY is_index DESC,likes DESC LIMIT 0,6   [ RunTime:0.000056s ]
[ 2017-03-27T11:50:25+08:00 ] / | NOTIC: [2] Invalid argument supplied for foreach() baseAction.class.php 第 294 行.
[ 2017-03-27T11:50:25+08:00 ] / | SQL: SELECT `id`,`title`,`simg`,`bimg` FROM `ctw_items` WHERE cid=345 ORDER BY is_index DESC,likes DESC LIMIT 0,6   [ RunTime:0.000053s ]
[ 2017-03-27T11:50:25+08:00 ] / | NOTIC: [2] Invalid argument supplied for foreach() baseAction.class.php 第 294 行.
[ 2017-03-27T11:50:25+08:00 ] / | SQL: SELECT `id`,`title`,`simg`,`bimg` FROM `ctw_items` WHERE cid=360 ORDER BY is_index DESC,likes DESC LIMIT 0,6   [ RunTime:0.000058s ]
[ 2017-03-27T11:50:25+08:00 ] / | NOTIC: [2] Invalid argument supplied for foreach() baseAction.class.php 第 294 行.
[ 2017-03-27T11:50:25+08:00 ] / | SQL: SELECT `id`,`title`,`simg`,`bimg` FROM `ctw_items` WHERE cid=365 ORDER BY is_index DESC,likes DESC LIMIT 0,6   [ RunTime:0.000054s ]
[ 2017-03-27T11:50:25+08:00 ] / | NOTIC: [2] Invalid argument supplied for foreach() baseAction.class.php 第 294 行.
[ 2017-03-27T11:50:25+08:00 ] / | SQL: SELECT `id`,`title`,`simg`,`bimg` FROM `ctw_items` WHERE cid=358 ORDER BY is_index DESC,likes DESC LIMIT 0,6   [ RunTime:0.000053s ]
[ 2017-03-27T11:50:25+08:00 ] / | NOTIC: [2] Invalid argument supplied for foreach() baseAction.class.php 第 294 行.
[ 2017-03-27T11:50:25+08:00 ] / | SQL: SELECT * FROM `ctw_items_cate` WHERE pid=5 and status=1 ORDER BY ordid ASC LIMIT 0,10   [ RunTime:0.000069s ]
[ 2017-03-27T11:50:25+08:00 ] / | SQL: SELECT * FROM `ctw_items_cate` WHERE pid in(-1,19,23,27,35) and status=1 ORDER BY ordid ASC LIMIT 0,10   [ RunTime:0.000072s ]
[ 2017-03-27T11:50:25+08:00 ] / | SQL: SELECT * FROM `ctw_items_cate` WHERE pid in(-1,19,23,27,35) AND is_hots=1 and status=1 ORDER BY ordid ASC  [ RunTime:0.000069s ]
[ 2017-03-27T11:50:25+08:00 ] / | SQL: SELECT `id`,`title`,`simg`,`bimg` FROM `ctw_items` WHERE cid=188 ORDER BY is_index DESC,likes DESC LIMIT 0,6   [ RunTime:0.000053s ]
[ 2017-03-27T11:50:25+08:00 ] / | NOTIC: [2] Invalid argument supplied for foreach() baseAction.class.php 第 294 行.
[ 2017-03-27T11:50:25+08:00 ] / | SQL: SELECT `id`,`title`,`simg`,`bimg` FROM `ctw_items` WHERE cid=189 ORDER BY is_index DESC,likes DESC LIMIT 0,6   [ RunTime:0.000055s ]
[ 2017-03-27T11:50:25+08:00 ] / | NOTIC: [2] Invalid argument supplied for foreach() baseAction.class.php 第 294 行.
[ 2017-03-27T11:50:25+08:00 ] / | SQL: SELECT `id`,`title`,`simg`,`bimg` FROM `ctw_items` WHERE cid=190 ORDER BY is_index DESC,likes DESC LIMIT 0,6   [ RunTime:0.000054s ]
[ 2017-03-27T11:50:25+08:00 ] / | NOTIC: [2] Invalid argument supplied for foreach() baseAction.class.php 第 294 行.
[ 2017-03-27T11:50:25+08:00 ] / | SQL: SELECT `id`,`title`,`simg`,`bimg` FROM `ctw_items` WHERE cid=194 ORDER BY is_index DESC,likes DESC LIMIT 0,6   [ RunTime:0.000054s ]
[ 2017-03-27T11:50:25+08:00 ] / | NOTIC: [2] Invalid argument supplied for foreach() baseAction.class.php 第 294 行.
[ 2017-03-27T11:50:25+08:00 ] / | SQL: SELECT `id`,`title`,`simg`,`bimg` FROM `ctw_items` WHERE cid=195 ORDER BY is_index DESC,likes DESC LIMIT 0,6   [ RunTime:0.000055s ]
[ 2017-03-27T11:50:25+08:00 ] / | NOTIC: [2] Invalid argument supplied for foreach() baseAction.class.php 第 294 行.
[ 2017-03-27T11:50:25+08:00 ] / | SQL: SELECT `id`,`title`,`simg`,`bimg` FROM `ctw_items` WHERE cid=199 ORDER BY is_index DESC,likes DESC LIMIT 0,6   [ RunTime:0.000053s ]
[ 2017-03-27T11:50:25+08:00 ] / | NOTIC: [2] Invalid argument supplied for foreach() baseAction.class.php 第 294 行.
[ 2017-03-27T11:50:25+08:00 ] / | SQL: SELECT `id`,`title`,`simg`,`bimg` FROM `ctw_items` WHERE cid=202 ORDER BY is_index DESC,likes DESC LIMIT 0,6   [ RunTime:0.000054s ]
[ 2017-03-27T11:50:25+08:00 ] / | NOTIC: [2] Invalid argument supplied for foreach() baseAction.class.php 第 294 行.
[ 2017-03-27T11:50:25+08:00 ] / | SQL: SELECT `id`,`title`,`simg`,`bimg` FROM `ctw_items` WHERE cid=207 ORDER BY is_index DESC,likes DESC LIMIT 0,6   [ RunTime:0.000055s ]
[ 2017-03-27T11:50:25+08:00 ] / | NOTIC: [2] Invalid argument supplied for foreach() baseAction.class.php 第 294 行.
[ 2017-03-27T11:50:25+08:00 ] / | SQL: SELECT * FROM `ctw_items_cate` WHERE pid=6 and status=1 ORDER BY ordid ASC LIMIT 0,10   [ RunTime:0.000083s ]
[ 2017-03-27T11:50:25+08:00 ] / | SQL: SELECT * FROM `ctw_items_cate` WHERE pid in(-1,20,24,36,28,32,187) and status=1 ORDER BY ordid ASC LIMIT 0,10   [ RunTime:0.000069s ]
[ 2017-03-27T11:50:25+08:00 ] / | SQL: SELECT * FROM `ctw_items_cate` WHERE pid in(-1,20,24,36,28,32,187) AND is_hots=1 and status=1 ORDER BY ordid ASC  [ RunTime:0.000076s ]
[ 2017-03-27T11:50:25+08:00 ] / | SQL: SELECT `id`,`title`,`simg`,`bimg` FROM `ctw_items` WHERE cid=252 ORDER BY is_index DESC,likes DESC LIMIT 0,6   [ RunTime:0.000053s ]
[ 2017-03-27T11:50:25+08:00 ] / | NOTIC: [2] Invalid argument supplied for foreach() baseAction.class.php 第 294 行.
[ 2017-03-27T11:50:25+08:00 ] / | SQL: SELECT `id`,`title`,`simg`,`bimg` FROM `ctw_items` WHERE cid=259 ORDER BY is_index DESC,likes DESC LIMIT 0,6   [ RunTime:0.000141s ]
[ 2017-03-27T11:50:25+08:00 ] / | NOTIC: [2] Invalid argument supplied for foreach() baseAction.class.php 第 294 行.
[ 2017-03-27T11:50:25+08:00 ] / | SQL: SELECT `id`,`title`,`simg`,`bimg` FROM `ctw_items` WHERE cid=264 ORDER BY is_index DESC,likes DESC LIMIT 0,6   [ RunTime:0.000067s ]
[ 2017-03-27T11:50:25+08:00 ] / | NOTIC: [2] Invalid argument supplied for foreach() baseAction.class.php 第 294 行.
[ 2017-03-27T11:50:25+08:00 ] / | SQL: SELECT `id`,`title`,`simg`,`bimg` FROM `ctw_items` WHERE cid=265 ORDER BY is_index DESC,likes DESC LIMIT 0,6   [ RunTime:0.000138s ]
[ 2017-03-27T11:50:25+08:00 ] / | NOTIC: [2] Invalid argument supplied for foreach() baseAction.class.php 第 294 行.
[ 2017-03-27T11:50:25+08:00 ] / | SQL: SELECT `id`,`title`,`simg`,`bimg` FROM `ctw_items` WHERE cid=266 ORDER BY is_index DESC,likes DESC LIMIT 0,6   [ RunTime:0.000108s ]
[ 2017-03-27T11:50:25+08:00 ] / | NOTIC: [2] Invalid argument supplied for foreach() baseAction.class.php 第 294 行.
[ 2017-03-27T11:50:25+08:00 ] / | SQL: SELECT `id`,`title`,`simg`,`bimg` FROM `ctw_items` WHERE cid=274 ORDER BY is_index DESC,likes DESC LIMIT 0,6   [ RunTime:0.000143s ]
[ 2017-03-27T11:50:25+08:00 ] / | NOTIC: [2] Invalid argument supplied for foreach() baseAction.class.php 第 294 行.
[ 2017-03-27T11:50:25+08:00 ] / | SQL: SELECT `id`,`title`,`simg`,`bimg` FROM `ctw_items` WHERE cid=277 ORDER BY is_index DESC,likes DESC LIMIT 0,6   [ RunTime:0.000061s ]
[ 2017-03-27T11:50:25+08:00 ] / | NOTIC: [2] Invalid argument supplied for foreach() baseAction.class.php 第 294 行.
[ 2017-03-27T11:50:25+08:00 ] / | SQL: SELECT `id`,`title`,`simg`,`bimg` FROM `ctw_items` WHERE cid=315 ORDER BY is_index DESC,likes DESC LIMIT 0,6   [ RunTime:0.000075s ]
[ 2017-03-27T11:50:25+08:00 ] / | NOTIC: [2] Invalid argument supplied for foreach() baseAction.class.php 第 294 行.
[ 2017-03-27T11:50:25+08:00 ] / | NOTIC: [2] mkdir(): No such file or directory common.php 第 480 行.
[ 2017-03-27T11:50:25+08:00 ] / | SQL: SELECT * FROM `ctw_article` WHERE is_best=1 ORDER BY add_time DESC LIMIT 1   [ RunTime:0.000070s ]
[ 2017-03-27T11:50:25+08:00 ] / | NOTIC: [2] mkdir(): No such file or directory common.php 第 480 行.
[ 2017-03-27T11:50:25+08:00 ] / | SQL: SELECT * FROM `ctw_article` WHERE is_hot=1 ORDER BY is_hot DESC,add_time DESC LIMIT 1,5   [ RunTime:0.000070s ]
[ 2017-03-27T11:50:25+08:00 ] / | SQL: SELECT * FROM `ctw_focus` WHERE cate_id=1 AND status=1 ORDER BY ordid DESC  [ RunTime:0.000066s ]
[ 2017-03-27T11:50:25+08:00 ] / | NOTIC: [2] mkdir(): No such file or directory common.php 第 480 行.
[ 2017-03-27T11:50:25+08:00 ] / | SQL: SELECT * FROM `ctw_like_list` ORDER BY add_time DESC LIMIT 28   [ RunTime:0.000061s ]
[ 2017-03-27T11:50:25+08:00 ] / | NOTIC: [2] Invalid argument supplied for foreach() indexAction.class.php 第 105 行.
[ 2017-03-27T11:50:25+08:00 ] / | SQL: SHOW COLUMNS FROM `ctw_seller_list` [ RunTime:0.000642s ]
[ 2017-03-27T11:50:25+08:00 ] / | SQL: SELECT * FROM `ctw_seller_list` WHERE status='1' AND recommend='1'  [ RunTime:0.000076s ]
[ 2017-03-27T11:50:25+08:00 ] / | NOTIC: [2] Missing argument 3 for Api59miao::AdsGet(), called in /alidata/www/git/www.ctw.com/index/Lib/Action/indexAction.class.php on line 50 and defined api59miao.class.php 第 42 行.
[ 2017-03-27T11:50:25+08:00 ] / | NOTIC: [8] Undefined variable: ad_rel indexAction.class.php 第 55 行.
[ 2017-03-27T11:50:25+08:00 ] / | INFO: Tag[ view_template ] --START--
[ 2017-03-27T11:50:25+08:00 ] / | INFO: Run LocationTemplate Behavior [ RunTime:0.000232s ]
[ 2017-03-27T11:50:25+08:00 ] / | INFO: Tag[ view_template ] --END-- [ RunTime:0.000293s ]
[ 2017-03-27T11:50:25+08:00 ] / | INFO: Tag[ view_parse ] --START--
[ 2017-03-27T11:50:25+08:00 ] / | NOTIC: [8] Undefined variable: keywords 4dc7a0fd19b459021f3e6e9027c093dd.php 第 63 行.
[ 2017-03-27T11:50:25+08:00 ] / | INFO: Run ParseTemplate Behavior [ RunTime:0.043248s ]
[ 2017-03-27T11:50:25+08:00 ] / | INFO: Tag[ view_parse ] --END-- [ RunTime:0.043306s ]
[ 2017-03-27T11:50:25+08:00 ] / | INFO: Tag[ view_filter ] --START--
[ 2017-03-27T11:50:25+08:00 ] / | INFO: Run ContentReplace Behavior [ RunTime:0.000619s ]
[ 2017-03-27T11:50:25+08:00 ] / | INFO: Run TokenBuild Behavior [ RunTime:0.000532s ]
[ 2017-03-27T11:50:25+08:00 ] / | INFO: Run WriteHtmlCache Behavior [ RunTime:0.000193s ]
[ 2017-03-27T11:50:25+08:00 ] / | INFO: Run ShowRuntime Behavior [ RunTime:0.000389s ]
[ 2017-03-27T11:50:25+08:00 ] / | INFO: Tag[ view_filter ] --END-- [ RunTime:0.001909s ]
[ 2017-03-27T11:50:25+08:00 ] / | INFO: Tag[ view_end ] --START--
[ 2017-03-27T11:50:25+08:00 ] / | INFO: Run ShowPageTrace Behavior [ RunTime:0.000379s ]
[ 2017-03-27T11:50:25+08:00 ] / | INFO: Tag[ view_end ] --END-- [ RunTime:0.000457s ]
[ 2017-03-27T11:50:25+08:00 ] /index.php?a=index&m=advert&id=6 | INFO: Tag[ app_begin ] --START--
[ 2017-03-27T11:50:25+08:00 ] /index.php?a=index&m=advert&id=6 | INFO: Run ReadHtmlCache Behavior [ RunTime:0.000381s ]
[ 2017-03-27T11:50:25+08:00 ] /index.php?a=index&m=advert&id=6 | INFO: Tag[ app_begin ] --END-- [ RunTime:0.000482s ]
[ 2017-03-27T11:50:25+08:00 ] /index.php?a=index&m=advert&id=6 | SQL: SHOW COLUMNS FROM `ctw_setting` [ RunTime:0.000536s ]
[ 2017-03-27T11:50:25+08:00 ] /index.php?a=index&m=advert&id=6 | SQL: SHOW COLUMNS FROM `ctw_like_list` [ RunTime:0.000421s ]
[ 2017-03-27T11:50:25+08:00 ] /index.php?a=index&m=advert&id=6 | SQL: SHOW COLUMNS FROM `ctw_user` [ RunTime:0.000567s ]
[ 2017-03-27T11:50:25+08:00 ] /index.php?a=index&m=advert&id=6 | SQL: SHOW COLUMNS FROM `ctw_user_info` [ RunTime:0.000740s ]
[ 2017-03-27T11:50:25+08:00 ] /index.php?a=index&m=advert&id=6 | SQL: SHOW COLUMNS FROM `ctw_items` [ RunTime:0.000880s ]
[ 2017-03-27T11:50:25+08:00 ] /index.php?a=index&m=advert&id=6 | SQL: SHOW COLUMNS FROM `ctw_items_cate` [ RunTime:0.000680s ]
[ 2017-03-27T11:50:25+08:00 ] /index.php?a=index&m=advert&id=6 | SQL: SHOW COLUMNS FROM `ctw_items_comments` [ RunTime:0.000483s ]
[ 2017-03-27T11:50:25+08:00 ] /index.php?a=index&m=advert&id=6 | SQL: SHOW COLUMNS FROM `ctw_user_openid` [ RunTime:0.000549s ]
[ 2017-03-27T11:50:25+08:00 ] /index.php?a=index&m=advert&id=6 | SQL: SHOW COLUMNS FROM `ctw_user_follow` [ RunTime:0.000440s ]
[ 2017-03-27T11:50:25+08:00 ] /index.php?a=index&m=advert&id=6 | SQL: SHOW COLUMNS FROM `ctw_user_comments` [ RunTime:0.000471s ]
[ 2017-03-27T11:50:25+08:00 ] /index.php?a=index&m=advert&id=6 | SQL: SHOW COLUMNS FROM `ctw_seo` [ RunTime:0.000442s ]
[ 2017-03-27T11:50:25+08:00 ] /index.php?a=index&m=advert&id=6 | SQL: SHOW COLUMNS FROM `ctw_article` [ RunTime:0.000620s ]
[ 2017-03-27T11:50:25+08:00 ] /index.php?a=index&m=advert&id=6 | NOTIC: [8] Undefined index: ban_spider baseAction.class.php 第 59 行.
[ 2017-03-27T11:50:25+08:00 ] /index.php?a=index&m=advert&id=6 | SQL: SELECT `id`,`title`,`url` FROM `ctw_article` WHERE cate_id=1 and status=1 ORDER BY ordid  [ RunTime:0.000071s ]
[ 2017-03-27T11:50:25+08:00 ] /index.php?a=index&m=advert&id=6 | NOTIC: [8] Undefined index: user baseAction.class.php 第 150 行.
[ 2017-03-27T11:50:25+08:00 ] /index.php?a=index&m=advert&id=6 | SQL: SELECT * FROM `ctw_user` WHERE id= LIMIT 1   [ RunTime:0.000079s ]
[ 2017-03-27T11:50:25+08:00 ] /index.php?a=index&m=advert&id=6 | NOTIC: [8] Undefined index: user baseAction.class.php 第 172 行.
[ 2017-03-27T11:50:25+08:00 ] /index.php?a=index&m=advert&id=6 | SQL: SELECT COUNT(*) AS tp_count FROM `ctw_user_follow` WHERE fans_id= and uid= LIMIT 1   [ RunTime:0.000071s ]
[ 2017-03-27T11:50:25+08:00 ] /index.php?a=index&m=advert&id=6 | NOTIC: [8] Undefined index: user baseAction.class.php 第 177 行.
[ 2017-03-27T11:50:25+08:00 ] /index.php?a=index&m=advert&id=6 | SQL: SHOW COLUMNS FROM `ctw_items_cate` [ RunTime:0.000685s ]
[ 2017-03-27T11:50:25+08:00 ] /index.php?a=index&m=advert&id=6 | SQL: SELECT * FROM `ctw_items_cate` ORDER BY ordid ASC  [ RunTime:0.000664s ]
[ 2017-03-27T11:50:25+08:00 ] /index.php?a=index&m=advert&id=6 | NOTIC: [8] Undefined index: user baseAction.class.php 第 399 行.
[ 2017-03-27T11:50:25+08:00 ] /index.php?a=index&m=advert&id=6 | NOTIC: [8] Use of undefined constant __TMPL__ - assumed '__TMPL__' baseAction.class.php 第 403 行.
[ 2017-03-27T11:50:25+08:00 ] /index.php?a=index&m=advert&id=6 | SQL: SELECT * FROM `ctw_seo`  [ RunTime:0.000112s ]
[ 2017-03-27T11:50:25+08:00 ] /index.php?a=index&m=advert&id=6 | SQL: SHOW COLUMNS FROM `ctw_ad` [ RunTime:0.000615s ]
[ 2017-03-27T11:50:25+08:00 ] /index.php?a=index&m=advert&id=6 | SQL: SHOW COLUMNS FROM `ctw_adboard` [ RunTime:0.000486s ]
[ 2017-03-27T11:50:25+08:00 ] /index.php?a=index&m=advert&id=6 | SQL: SELECT * FROM `ctw_adboard` WHERE id=6 AND status=1 LIMIT 1   [ RunTime:0.000062s ]
